#
# There is insufficient memory for the Java Runtime Environment to continue.
# Native memory allocation (malloc) failed to allocate 1481816 bytes. Error detail: Chunk::new
# Possible reasons:
#   The system is out of physical RAM or swap space
#   This process is running with CompressedOops enabled, and the Java Heap may be blocking the growth of the native heap
# Possible solutions:
#   Reduce memory load on the system
#   Increase physical memory or swap space
#   Check if swap backing store is full
#   Decrease Java heap size (-Xmx/-Xms)
#   Decrease number of Java threads
#   Decrease Java thread stack sizes (-Xss)
#   Set larger code cache with -XX:ReservedCodeCacheSize=
#   JVM is running with Unscaled Compressed Oops mode in which the Java heap is
#     placed in the first 4GB address space. The Java Heap base address is the
#     maximum limit for the native heap growth. Please use -XX:HeapBaseMinAddress
#     to set the Java Heap base and to place the Java Heap above 4GB virtual address.
# This output file may be truncated or incomplete.
#
#  Out of Memory Error (arena.cpp:186), pid=14688, tid=2516
#
# JRE version: Java(TM) SE Runtime Environment (25.0+37) (build 25+37-LTS-3491)
# Java VM: Java HotSpot(TM) 64-Bit Server VM (25+37-LTS-3491, mixed mode, sharing, tiered, compressed oops, compressed class ptrs, g1 gc, windows-amd64)
# No core dump will be written. Minidumps are not enabled by default on client versions of Windows
#

---------------  S U M M A R Y ------------

Command Line: -DwatchParentProcess=false -XX:+ExitOnOutOfMemoryError -XX:+HeapDumpOnOutOfMemoryError -XX:HeapDumpPath=c:\Users\LENOVO\AppData\Roaming\Code\User\globalStorage\redhat.vscode-xml -Xmx64M org.eclipse.lemminx.XMLServerLauncher

Host: AMD Athlon Silver 7120U with Radeon Graphics   , 2 cores, 5G,  Windows 11 , 64 bit Build 26100 (10.0.26100.7309)
Time: Wed Jan  7 11:58:03 2026 SE Asia Standard Time elapsed time: 60.871653 seconds (0d 0h 1m 0s)

---------------  T H R E A D  ---------------

Current thread (0x0000028925c9f1d0):  JavaThread "C2 CompilerThread0" daemon [_thread_in_native, id=2516, stack(0x000000dc42300000,0x000000dc42400000) (1024K)]


Current CompileTask:
C2:60871 2344       4       sun.security.ec.ECOperations$PointMultiplier::lookup (84 bytes)

Stack: [0x000000dc42300000,0x000000dc42400000]
Native frames: (J=compiled Java code, j=interpreted, Vv=VM code, C=native code)
V  [jvm.dll+0x7a6a39]  (no source info available)
V  [jvm.dll+0x7727ed]  (no source info available)
V  [jvm.dll+0x965f33]  (no source info available)
V  [jvm.dll+0x968531]  (no source info available)
V  [jvm.dll+0x968c33]  (no source info available)
V  [jvm.dll+0x2fc756]  (no source info available)
V  [jvm.dll+0x111b26]  (no source info available)
V  [jvm.dll+0x111e4e]  (no source info available)
V  [jvm.dll+0x1a0a22]  (no source info available)
V  [jvm.dll+0x3b53c2]  (no source info available)
V  [jvm.dll+0x7ac3cf]  (no source info available)
V  [jvm.dll+0x2c0ac7]  (no source info available)
V  [jvm.dll+0x2bfa8f]  (no source info available)
V  [jvm.dll+0x237b60]  (no source info available)
V  [jvm.dll+0x2cfb56]  (no source info available)
V  [jvm.dll+0x2cddd5]  (no source info available)
V  [jvm.dll+0x48e671]  (no source info available)
V  [jvm.dll+0x90681d]  (no source info available)
V  [jvm.dll+0x7a5015]  (no source info available)
C  [ucrtbase.dll+0x37b0]  (no source info available)
C  [KERNEL32.DLL+0x2e8d7]  (no source info available)
C  [ntdll.dll+0x8c53c]  (no source info available)

Lock stack of current Java thread (top to bottom):


---------------  P R O C E S S  ---------------

Threads class SMR info:
_java_thread_list=0x000002892a3dd7b0, length=14, elements={
0x000002890a37b2a0, 0x000002890a37d140, 0x000002890a37de80, 0x0000028925c9cf60,
0x0000028925c9d720, 0x0000028925c9e2e0, 0x0000028925c9f1d0, 0x0000028925ca3ab0,
0x0000028925d639a0, 0x0000028925d70410, 0x000002892a8012d0, 0x000002890a0d22f0,
0x000002892a32e680, 0x000002892a66f7f0
}

Java Threads: ( => current thread )
  0x000002890a37b2a0 JavaThread "Reference Handler"          daemon [_thread_blocked, id=10416, stack(0x000000dc41d00000,0x000000dc41e00000) (1024K)]
  0x000002890a37d140 JavaThread "Finalizer"                  daemon [_thread_blocked, id=3356, stack(0x000000dc41e00000,0x000000dc41f00000) (1024K)]
  0x000002890a37de80 JavaThread "Signal Dispatcher"          daemon [_thread_blocked, id=9032, stack(0x000000dc41f00000,0x000000dc42000000) (1024K)]
  0x0000028925c9cf60 JavaThread "Attach Listener"            daemon [_thread_blocked, id=14932, stack(0x000000dc42000000,0x000000dc42100000) (1024K)]
  0x0000028925c9d720 JavaThread "Service Thread"             daemon [_thread_blocked, id=11572, stack(0x000000dc42100000,0x000000dc42200000) (1024K)]
  0x0000028925c9e2e0 JavaThread "Monitor Deflation Thread"   daemon [_thread_blocked, id=6924, stack(0x000000dc42200000,0x000000dc42300000) (1024K)]
=>0x0000028925c9f1d0 JavaThread "C2 CompilerThread0"         daemon [_thread_in_native, id=2516, stack(0x000000dc42300000,0x000000dc42400000) (1024K)]
  0x0000028925ca3ab0 JavaThread "C1 CompilerThread0"         daemon [_thread_blocked, id=11180, stack(0x000000dc42400000,0x000000dc42500000) (1024K)]
  0x0000028925d639a0 JavaThread "Notification Thread"        daemon [_thread_blocked, id=18040, stack(0x000000dc42500000,0x000000dc42600000) (1024K)]
  0x0000028925d70410 JavaThread "Common-Cleaner"             daemon [_thread_blocked, id=18308, stack(0x000000dc42600000,0x000000dc42700000) (1024K)]
  0x000002892a8012d0 JavaThread "pool-4-thread-1"                   [_thread_in_native, id=10652, stack(0x000000dc42700000,0x000000dc42800000) (1024K)]
  0x000002890a0d22f0 JavaThread "DestroyJavaVM"                     [_thread_blocked, id=17612, stack(0x000000dc41500000,0x000000dc41600000) (1024K)]
  0x000002892a32e680 JavaThread "pool-5-thread-1"                   [_thread_blocked, id=16576, stack(0x000000dc42900000,0x000000dc42a00000) (1024K)]
  0x000002892a66f7f0 JavaThread "ForkJoinPool.commonPool-worker-1" daemon [_thread_in_vm, id=6732, stack(0x000000dc42a00000,0x000000dc42b00000) (1024K)]
Total: 14

Other Threads:
  0x000002890a3697b0 VMThread "VM Thread"                           [id=12588, stack(0x000000dc41c00000,0x000000dc41d00000) (1024K)]
  0x000002890a35ae50 WatcherThread "VM Periodic Task Thread"        [id=1912, stack(0x000000dc41b00000,0x000000dc41c00000) (1024K)]
  0x000002890a2d9000 WorkerThread "GC Thread#0"                     [id=13240, stack(0x000000dc41600000,0x000000dc41700000) (1024K)]
  0x000002892a8c5670 WorkerThread "GC Thread#1"                     [id=12720, stack(0x000000dc42800000,0x000000dc42900000) (1024K)]
  0x000002890a2dacd0 ConcurrentGCThread "G1 Main Marker"            [id=6268, stack(0x000000dc41700000,0x000000dc41800000) (1024K)]
  0x000002890a2db870 WorkerThread "G1 Conc#0"                       [id=428, stack(0x000000dc41800000,0x000000dc41900000) (1024K)]
  0x000002890a2f6c80 ConcurrentGCThread "G1 Refine#0"               [id=1484, stack(0x000000dc41900000,0x000000dc41a00000) (1024K)]
  0x000002890a2f7890 ConcurrentGCThread "G1 Service"                [id=18172, stack(0x000000dc41a00000,0x000000dc41b00000) (1024K)]
Total: 8

Threads with active compile tasks:
C2 CompilerThread0  61144 2344       4       sun.security.ec.ECOperations$PointMultiplier::lookup (84 bytes)
Total: 1

VM state: not at safepoint (normal execution)

VM Mutex/Monitor currently owned by a thread: None

Heap address: 0x00000000fc000000, size: 64 MB, Compressed Oops mode: 32-bit

CDS archive(s) mapped at: [0x0000000031000000-0x0000000031dd0000-0x0000000031dd0000), size 14483456, SharedBaseAddress: 0x0000000031000000, ArchiveRelocationMode: 1.
Compressed class space mapped at: 0x0000000032000000-0x0000000072000000, reserved size: 1073741824
UseCompressedClassPointers 1, UseCompactObjectHeaders 0
Narrow klass pointer bits 32, Max shift 3
Narrow klass base: 0x0000000031000000, Narrow klass shift: 0
Encoding Range: [0x0000000031000000 - 0x0000000131000000), (4294967296 bytes)
Klass Range:    [0x0000000031010000 - 0x0000000072000000), (1090453504 bytes)
Klass ID Range:  [65536 - 1090519033) (1090453497)
Protection zone: [0x0000000031000000 - 0x0000000031010000), (65536 bytes)

GC Precious Log:
 CardTable entry size: 512
 Card Set container configuration: InlinePtr #cards 5 size 8 Array Of Cards #cards 10 size 36 Howl #buckets 4 coarsen threshold 1843 Howl Bitmap #cards 512 size 80 coarsen threshold 460 Card regions per heap region 1 cards per card region 2048
 CPUs: 2 total, 2 available
 Memory: 5965M
 Large Page Support: Disabled
 NUMA Support: Disabled
 Compressed Oops: Enabled (32-bit)
 Heap Region Size: 1M
 Heap Min Capacity: 8M
 Heap Initial Capacity: 64M
 Heap Max Capacity: 64M
 Pre-touch: Disabled
 Parallel Workers: 2
 Concurrent Workers: 1
 Concurrent Refinement Workers: 2
 Periodic GC: Disabled

Heap:
 garbage-first heap   total reserved 65536K, committed 65536K, used 15614K [0x00000000fc000000, 0x0000000100000000)
  region size 1024K, 13 young (13312K), 2 survivors (2048K)

Heap Regions: E=young(eden), S=young(survivor), O=old, HS=humongous(starts), HC=humongous(continues), CS=collection set, F=free, TAMS=top-at-mark-start, PB=parsable bottom
|   0|0x00000000fc000000, 0x00000000fc100000, 0x00000000fc100000|100%|HS|  |TAMS 0x00000000fc000000| PB 0x00000000fc000000| Complete |  0
|   1|0x00000000fc100000, 0x00000000fc200000, 0x00000000fc200000|100%| O|  |TAMS 0x00000000fc100000| PB 0x00000000fc100000| Untracked |  0
|   2|0x00000000fc200000, 0x00000000fc300000, 0x00000000fc300000|100%| O|  |TAMS 0x00000000fc200000| PB 0x00000000fc200000| Untracked |  0
|   3|0x00000000fc300000, 0x00000000fc330580, 0x00000000fc400000| 18%| O|  |TAMS 0x00000000fc300000| PB 0x00000000fc300000| Untracked |  0
|   4|0x00000000fc400000, 0x00000000fc400000, 0x00000000fc500000|  0%| F|  |TAMS 0x00000000fc400000| PB 0x00000000fc400000| Untracked |  0
|   5|0x00000000fc500000, 0x00000000fc500000, 0x00000000fc600000|  0%| F|  |TAMS 0x00000000fc500000| PB 0x00000000fc500000| Untracked |  0
|   6|0x00000000fc600000, 0x00000000fc600000, 0x00000000fc700000|  0%| F|  |TAMS 0x00000000fc600000| PB 0x00000000fc600000| Untracked |  0
|   7|0x00000000fc700000, 0x00000000fc700000, 0x00000000fc800000|  0%| F|  |TAMS 0x00000000fc700000| PB 0x00000000fc700000| Untracked |  0
|   8|0x00000000fc800000, 0x00000000fc800000, 0x00000000fc900000|  0%| F|  |TAMS 0x00000000fc800000| PB 0x00000000fc800000| Untracked |  0
|   9|0x00000000fc900000, 0x00000000fc900000, 0x00000000fca00000|  0%| F|  |TAMS 0x00000000fc900000| PB 0x00000000fc900000| Untracked |  0
|  10|0x00000000fca00000, 0x00000000fca00000, 0x00000000fcb00000|  0%| F|  |TAMS 0x00000000fca00000| PB 0x00000000fca00000| Untracked |  0
|  11|0x00000000fcb00000, 0x00000000fcb00000, 0x00000000fcc00000|  0%| F|  |TAMS 0x00000000fcb00000| PB 0x00000000fcb00000| Untracked |  0
|  12|0x00000000fcc00000, 0x00000000fcc00000, 0x00000000fcd00000|  0%| F|  |TAMS 0x00000000fcc00000| PB 0x00000000fcc00000| Untracked |  0
|  13|0x00000000fcd00000, 0x00000000fcd00000, 0x00000000fce00000|  0%| F|  |TAMS 0x00000000fcd00000| PB 0x00000000fcd00000| Untracked |  0
|  14|0x00000000fce00000, 0x00000000fce00000, 0x00000000fcf00000|  0%| F|  |TAMS 0x00000000fce00000| PB 0x00000000fce00000| Untracked |  0
|  15|0x00000000fcf00000, 0x00000000fcf00000, 0x00000000fd000000|  0%| F|  |TAMS 0x00000000fcf00000| PB 0x00000000fcf00000| Untracked |  0
|  16|0x00000000fd000000, 0x00000000fd000000, 0x00000000fd100000|  0%| F|  |TAMS 0x00000000fd000000| PB 0x00000000fd000000| Untracked |  0
|  17|0x00000000fd100000, 0x00000000fd100000, 0x00000000fd200000|  0%| F|  |TAMS 0x00000000fd100000| PB 0x00000000fd100000| Untracked |  0
|  18|0x00000000fd200000, 0x00000000fd200000, 0x00000000fd300000|  0%| F|  |TAMS 0x00000000fd200000| PB 0x00000000fd200000| Untracked |  0
|  19|0x00000000fd300000, 0x00000000fd300000, 0x00000000fd400000|  0%| F|  |TAMS 0x00000000fd300000| PB 0x00000000fd300000| Untracked |  0
|  20|0x00000000fd400000, 0x00000000fd400000, 0x00000000fd500000|  0%| F|  |TAMS 0x00000000fd400000| PB 0x00000000fd400000| Untracked |  0
|  21|0x00000000fd500000, 0x00000000fd500000, 0x00000000fd600000|  0%| F|  |TAMS 0x00000000fd500000| PB 0x00000000fd500000| Untracked |  0
|  22|0x00000000fd600000, 0x00000000fd600000, 0x00000000fd700000|  0%| F|  |TAMS 0x00000000fd600000| PB 0x00000000fd600000| Untracked |  0
|  23|0x00000000fd700000, 0x00000000fd700000, 0x00000000fd800000|  0%| F|  |TAMS 0x00000000fd700000| PB 0x00000000fd700000| Untracked |  0
|  24|0x00000000fd800000, 0x00000000fd800000, 0x00000000fd900000|  0%| F|  |TAMS 0x00000000fd800000| PB 0x00000000fd800000| Untracked |  0
|  25|0x00000000fd900000, 0x00000000fd900000, 0x00000000fda00000|  0%| F|  |TAMS 0x00000000fd900000| PB 0x00000000fd900000| Untracked |  0
|  26|0x00000000fda00000, 0x00000000fda00000, 0x00000000fdb00000|  0%| F|  |TAMS 0x00000000fda00000| PB 0x00000000fda00000| Untracked |  0
|  27|0x00000000fdb00000, 0x00000000fdb00000, 0x00000000fdc00000|  0%| F|  |TAMS 0x00000000fdb00000| PB 0x00000000fdb00000| Untracked |  0
|  28|0x00000000fdc00000, 0x00000000fdc00000, 0x00000000fdd00000|  0%| F|  |TAMS 0x00000000fdc00000| PB 0x00000000fdc00000| Untracked |  0
|  29|0x00000000fdd00000, 0x00000000fdd00000, 0x00000000fde00000|  0%| F|  |TAMS 0x00000000fdd00000| PB 0x00000000fdd00000| Untracked |  0
|  30|0x00000000fde00000, 0x00000000fde00000, 0x00000000fdf00000|  0%| F|  |TAMS 0x00000000fde00000| PB 0x00000000fde00000| Untracked |  0
|  31|0x00000000fdf00000, 0x00000000fdf00000, 0x00000000fe000000|  0%| F|  |TAMS 0x00000000fdf00000| PB 0x00000000fdf00000| Untracked |  0
|  32|0x00000000fe000000, 0x00000000fe000000, 0x00000000fe100000|  0%| F|  |TAMS 0x00000000fe000000| PB 0x00000000fe000000| Untracked |  0
|  33|0x00000000fe100000, 0x00000000fe100000, 0x00000000fe200000|  0%| F|  |TAMS 0x00000000fe100000| PB 0x00000000fe100000| Untracked |  0
|  34|0x00000000fe200000, 0x00000000fe200000, 0x00000000fe300000|  0%| F|  |TAMS 0x00000000fe200000| PB 0x00000000fe200000| Untracked |  0
|  35|0x00000000fe300000, 0x00000000fe300000, 0x00000000fe400000|  0%| F|  |TAMS 0x00000000fe300000| PB 0x00000000fe300000| Untracked |  0
|  36|0x00000000fe400000, 0x00000000fe400000, 0x00000000fe500000|  0%| F|  |TAMS 0x00000000fe400000| PB 0x00000000fe400000| Untracked |  0
|  37|0x00000000fe500000, 0x00000000fe500000, 0x00000000fe600000|  0%| F|  |TAMS 0x00000000fe500000| PB 0x00000000fe500000| Untracked |  0
|  38|0x00000000fe600000, 0x00000000fe600000, 0x00000000fe700000|  0%| F|  |TAMS 0x00000000fe600000| PB 0x00000000fe600000| Untracked |  0
|  39|0x00000000fe700000, 0x00000000fe700000, 0x00000000fe800000|  0%| F|  |TAMS 0x00000000fe700000| PB 0x00000000fe700000| Untracked |  0
|  40|0x00000000fe800000, 0x00000000fe800000, 0x00000000fe900000|  0%| F|  |TAMS 0x00000000fe800000| PB 0x00000000fe800000| Untracked |  0
|  41|0x00000000fe900000, 0x00000000fe900000, 0x00000000fea00000|  0%| F|  |TAMS 0x00000000fe900000| PB 0x00000000fe900000| Untracked |  0
|  42|0x00000000fea00000, 0x00000000fea00000, 0x00000000feb00000|  0%| F|  |TAMS 0x00000000fea00000| PB 0x00000000fea00000| Untracked |  0
|  43|0x00000000feb00000, 0x00000000feb00000, 0x00000000fec00000|  0%| F|  |TAMS 0x00000000feb00000| PB 0x00000000feb00000| Untracked |  0
|  44|0x00000000fec00000, 0x00000000fec00000, 0x00000000fed00000|  0%| F|  |TAMS 0x00000000fec00000| PB 0x00000000fec00000| Untracked |  0
|  45|0x00000000fed00000, 0x00000000fed00000, 0x00000000fee00000|  0%| F|  |TAMS 0x00000000fed00000| PB 0x00000000fed00000| Untracked |  0
|  46|0x00000000fee00000, 0x00000000fee00000, 0x00000000fef00000|  0%| F|  |TAMS 0x00000000fee00000| PB 0x00000000fee00000| Untracked |  0
|  47|0x00000000fef00000, 0x00000000fef00000, 0x00000000ff000000|  0%| F|  |TAMS 0x00000000fef00000| PB 0x00000000fef00000| Untracked |  0
|  48|0x00000000ff000000, 0x00000000ff0e9d80, 0x00000000ff100000| 91%| S|CS|TAMS 0x00000000ff000000| PB 0x00000000ff000000| Complete |  0
|  49|0x00000000ff100000, 0x00000000ff200000, 0x00000000ff200000|100%| S|CS|TAMS 0x00000000ff100000| PB 0x00000000ff100000| Complete |  0
|  50|0x00000000ff200000, 0x00000000ff200000, 0x00000000ff300000|  0%| F|  |TAMS 0x00000000ff200000| PB 0x00000000ff200000| Untracked |  0
|  51|0x00000000ff300000, 0x00000000ff3b2678, 0x00000000ff400000| 69%| E|  |TAMS 0x00000000ff300000| PB 0x00000000ff300000| Complete |  0
|  52|0x00000000ff400000, 0x00000000ff500000, 0x00000000ff500000|100%| E|  |TAMS 0x00000000ff400000| PB 0x00000000ff400000| Complete |  0
|  53|0x00000000ff500000, 0x00000000ff600000, 0x00000000ff600000|100%| E|CS|TAMS 0x00000000ff500000| PB 0x00000000ff500000| Complete |  0
|  54|0x00000000ff600000, 0x00000000ff700000, 0x00000000ff700000|100%| E|CS|TAMS 0x00000000ff600000| PB 0x00000000ff600000| Complete |  0
|  55|0x00000000ff700000, 0x00000000ff800000, 0x00000000ff800000|100%| E|CS|TAMS 0x00000000ff700000| PB 0x00000000ff700000| Complete |  0
|  56|0x00000000ff800000, 0x00000000ff900000, 0x00000000ff900000|100%| E|CS|TAMS 0x00000000ff800000| PB 0x00000000ff800000| Complete |  0
|  57|0x00000000ff900000, 0x00000000ffa00000, 0x00000000ffa00000|100%| E|CS|TAMS 0x00000000ff900000| PB 0x00000000ff900000| Complete |  0
|  58|0x00000000ffa00000, 0x00000000ffb00000, 0x00000000ffb00000|100%| E|CS|TAMS 0x00000000ffa00000| PB 0x00000000ffa00000| Complete |  0
|  59|0x00000000ffb00000, 0x00000000ffc00000, 0x00000000ffc00000|100%| E|CS|TAMS 0x00000000ffb00000| PB 0x00000000ffb00000| Complete |  0
|  60|0x00000000ffc00000, 0x00000000ffd00000, 0x00000000ffd00000|100%| E|CS|TAMS 0x00000000ffc00000| PB 0x00000000ffc00000| Complete |  0
|  61|0x00000000ffd00000, 0x00000000ffe00000, 0x00000000ffe00000|100%| E|CS|TAMS 0x00000000ffd00000| PB 0x00000000ffd00000| Complete |  0
|  62|0x00000000ffe00000, 0x00000000fff00000, 0x00000000fff00000|100%| O|  |TAMS 0x00000000ffe00000| PB 0x00000000ffe00000| Untracked |  0
|  63|0x00000000fff00000, 0x00000000fff25608, 0x0000000100000000| 14%| O|  |TAMS 0x00000000fff00000| PB 0x00000000fff00000| Untracked |  0

Card table byte_map: [0x0000028923870000,0x0000028923890000] _byte_map_base: 0x0000028923090000

Marking Bits: (CMBitMap*) 0x000002890a2d9790
 Bits: [0x0000028923890000, 0x0000028923990000)

Polling page: 0x000002890a3a0000

Metaspace:
Metaspace        used 15751K, committed 15936K, reserved 1114112K
 class space     used 1578K, committed 1664K, reserved 1048576K

Usage:
  Non-class:     13.84 MB used.
      Class:      1.54 MB used.
       Both:     15.38 MB used.

Virtual space:
  Non-class space:       64.00 MB reserved,      13.94 MB ( 22%) committed,  1 nodes.
      Class space:        1.00 GB reserved,       1.62 MB ( <1%) committed,  1 nodes.
             Both:        1.06 GB reserved,      15.56 MB (  1%) committed. 

Chunk freelists:
   Non-Class:  2.04 MB
       Class:  14.25 MB
        Both:  16.29 MB

MaxMetaspaceSize: unlimited
CompressedClassSpaceSize: 1.00 GB
Initial GC threshold: 21.00 MB
Current GC threshold: 21.00 MB
CDS: on
 - commit_granule_bytes: 65536.
 - commit_granule_words: 8192.
 - virtual_space_node_default_size: 8388608.
 - enlarge_chunks_in_place: 1.
UseCompressedClassPointers 1, UseCompactObjectHeaders 0
Narrow klass pointer bits 32, Max shift 3
Narrow klass base: 0x0000000031000000, Narrow klass shift: 0
Encoding Range: [0x0000000031000000 - 0x0000000131000000), (4294967296 bytes)
Klass Range:    [0x0000000031010000 - 0x0000000072000000), (1090453504 bytes)
Klass ID Range:  [65536 - 1090519033) (1090453497)
Protection zone: [0x0000000031000000 - 0x0000000031010000), (65536 bytes)


Internal statistics:

num_allocs_failed_limit: 0.
num_arena_births: 108.
num_arena_deaths: 0.
num_vsnodes_births: 2.
num_vsnodes_deaths: 0.
num_space_committed: 249.
num_space_uncommitted: 0.
num_chunks_returned_to_freelist: 0.
num_chunks_taken_from_freelist: 444.
num_chunk_merges: 0.
num_chunk_splits: 306.
num_chunks_enlarged: 238.
num_inconsistent_stats: 0.

CodeHeap 'non-profiled nmethods': size=120128Kb used=557Kb max_used=557Kb free=119570Kb
 bounds [0x000002891bef0000, 0x000002891c160000, 0x0000028923440000]
CodeHeap 'profiled nmethods': size=120000Kb used=3631Kb max_used=3631Kb free=116368Kb
 bounds [0x0000028914440000, 0x00000289147d0000, 0x000002891b970000]
CodeHeap 'non-nmethods': size=5632Kb used=1468Kb max_used=1474Kb free=4163Kb
 bounds [0x000002891b970000, 0x000002891bbe0000, 0x000002891bef0000]
CodeCache: size=245760Kb, used=5656Kb, max_used=5662Kb, free=240101Kb
 total_blobs=2932, nmethods=2351, adapters=483, full_count=0
Compilation: enabled, stopped_count=0, restarted_count=0

Compilation events (20 events):
Event: 60.814 Thread 0x0000028925c9f1d0 nmethod 2324 0x000002891bf78808 code [0x000002891bf78900, 0x000002891bf78ba0]
Event: 60.814 Thread 0x0000028925c9f1d0 2330       4       sun.security.util.math.intpoly.IntegerPolynomial::multByInt (30 bytes)
Event: 60.818 Thread 0x0000028925c9f1d0 nmethod 2330 0x000002891bf78c08 code [0x000002891bf78d00, 0x000002891bf78fd0]
Event: 60.818 Thread 0x0000028925c9f1d0 2327       4       sun.security.util.math.intpoly.MontgomeryIntegerPolynomialP256::mult (2612 bytes)
Event: 60.834 Thread 0x0000028925c9f1d0 nmethod 2327 0x000002891bf79008 code [0x000002891bf79100, 0x000002891bf7a158]
Event: 60.834 Thread 0x0000028925c9f1d0 2328       4       sun.security.util.math.intpoly.IntegerPolynomial$MutableElement::setProduct (118 bytes)
Event: 60.836 Thread 0x0000028925c9f1d0 nmethod 2328 0x000002891bf7a188 code [0x000002891bf7a280, 0x000002891bf7a518]
Event: 60.836 Thread 0x0000028925c9f1d0 2334       4       sun.security.util.math.intpoly.IntegerPolynomial$MutableElement::setValue (60 bytes)
Event: 60.837 Thread 0x0000028925c9f1d0 nmethod 2334 0x000002891bf7a588 code [0x000002891bf7a680, 0x000002891bf7a800]
Event: 60.837 Thread 0x0000028925c9f1d0 2335       4       sun.security.util.math.intpoly.IntegerPolynomial$MutableElement::conditionalSet (53 bytes)
Event: 60.841 Thread 0x0000028925c9f1d0 nmethod 2335 0x000002891bf7a888 code [0x000002891bf7a980, 0x000002891bf7abc8]
Event: 60.841 Thread 0x0000028925c9f1d0 2338       4       sun.security.util.math.intpoly.IntegerPolynomial$MutableElement::setProduct (58 bytes)
Event: 60.845 Thread 0x0000028925c9f1d0 nmethod 2338 0x000002891bf7ac08 code [0x000002891bf7ad00, 0x000002891bf7b038]
Event: 60.845 Thread 0x0000028925c9f1d0 2342       4       sun.security.util.math.intpoly.IntegerPolynomial$MutableElement::setSquare (52 bytes)
Event: 60.847 Thread 0x0000028925c9f1d0 nmethod 2342 0x000002891bf7b088 code [0x000002891bf7b180, 0x000002891bf7b310]
Event: 60.848 Thread 0x0000028925ca3ab0 2343       3       sun.security.util.ArrayUtil::swap (15 bytes)
Event: 60.848 Thread 0x0000028925ca3ab0 nmethod 2343 0x00000289147c9d08 code [0x00000289147c9e00, 0x00000289147c9f40]
Event: 60.854 Thread 0x0000028925c9f1d0 2344       4       sun.security.ec.ECOperations$PointMultiplier::lookup (84 bytes)
Event: 60.856 Thread 0x0000028925ca3ab0 2345       3       sun.security.util.math.intpoly.MontgomeryIntegerPolynomialP256::get0 (5 bytes)
Event: 60.856 Thread 0x0000028925ca3ab0 nmethod 2345 0x00000289147ca008 code [0x00000289147ca100, 0x00000289147ca2b8]

GC Heap Usage History (6 events):
Event: 4.667 {heap Before GC invocations=0 (full 0):
 garbage-first heap   total reserved 65536K, committed 65536K, used 16533K [0x00000000fc000000, 0x0000000100000000)
  region size 1024K, 14 young (14336K), 0 survivors (0K)
}
Event: 4.858 {heap After GC invocations=1 (full 0):
 garbage-first heap   total reserved 65536K, committed 65536K, used 4381K [0x00000000fc000000, 0x0000000100000000)
  region size 1024K, 2 young (2048K), 2 survivors (2048K)
}
Event: 7.362 {heap Before GC invocations=1 (full 0):
 garbage-first heap   total reserved 65536K, committed 65536K, used 7453K [0x00000000fc000000, 0x0000000100000000)
  region size 1024K, 5 young (5120K), 2 survivors (2048K)
}
Event: 7.368 {heap After GC invocations=2 (full 0):
 garbage-first heap   total reserved 65536K, committed 65536K, used 5462K [0x00000000fc000000, 0x0000000100000000)
  region size 1024K, 1 young (1024K), 1 survivors (1024K)
}
Event: 58.707 {heap Before GC invocations=2 (full 0):
 garbage-first heap   total reserved 65536K, committed 65536K, used 15702K [0x00000000fc000000, 0x0000000100000000)
  region size 1024K, 12 young (12288K), 1 survivors (1024K)
}
Event: 58.723 {heap After GC invocations=3 (full 0):
 garbage-first heap   total reserved 65536K, committed 65536K, used 6398K [0x00000000fc000000, 0x0000000100000000)
  region size 1024K, 2 young (2048K), 2 survivors (2048K)
}

Metaspace Usage History (6 events):
Event: 4.667 {metaspace Before GC invocations=0 (full 0):
 Metaspace       used 5336K, committed 5568K, reserved 1114112K
  class space    used 531K, committed 640K, reserved 1048576K
}
Event: 4.858 {metaspace After GC invocations=1 (full 0):
 Metaspace       used 5336K, committed 5568K, reserved 1114112K
  class space    used 531K, committed 640K, reserved 1048576K
}
Event: 7.362 {metaspace Before GC invocations=1 (full 0):
 Metaspace       used 6430K, committed 6656K, reserved 1114112K
  class space    used 643K, committed 768K, reserved 1048576K
}
Event: 7.368 {metaspace After GC invocations=2 (full 0):
 Metaspace       used 6430K, committed 6656K, reserved 1114112K
  class space    used 643K, committed 768K, reserved 1048576K
}
Event: 58.707 {metaspace Before GC invocations=2 (full 0):
 Metaspace       used 10258K, committed 10496K, reserved 1114112K
  class space    used 1045K, committed 1152K, reserved 1048576K
}
Event: 58.723 {metaspace After GC invocations=3 (full 0):
 Metaspace       used 10258K, committed 10496K, reserved 1114112K
  class space    used 1045K, committed 1152K, reserved 1048576K
}

Dll operation events (7 events):
Event: 0.016 Loaded shared library C:\Program Files\Java\jdk-25\bin\java.dll
Event: 0.102 Loaded shared library C:\Program Files\Java\jdk-25\bin\net.dll
Event: 0.197 Loaded shared library C:\Program Files\Java\jdk-25\bin\nio.dll
Event: 0.889 Loaded shared library C:\Program Files\Java\jdk-25\bin\zip.dll
Event: 1.335 Loaded shared library C:\Program Files\Java\jdk-25\bin\jimage.dll
Event: 60.480 Loaded shared library C:\Program Files\Java\jdk-25\bin\sunmscapi.dll
Event: 60.581 Loaded shared library C:\Program Files\Java\jdk-25\bin\extnet.dll

Deoptimization events (20 events):
Event: 60.651 Thread 0x000002892a66f7f0 DEOPT PACKING pc=0x000002891bf4aa84 sp=0x000000dc42afeaf0
Event: 60.651 Thread 0x000002892a66f7f0 DEOPT UNPACKING pc=0x000002891b9f8d82 sp=0x000000dc42afea80 mode 2
Event: 60.651 Thread 0x000002892a66f7f0 Uncommon trap: trap_request=0xffffffc6 fr.pc=0x000002891bf4b4c0 relative=0x0000000000000140
Event: 60.651 Thread 0x000002892a66f7f0 Uncommon trap: reason=bimorphic_or_optimized_type_check action=maybe_recompile pc=0x000002891bf4b4c0 method=java.util.Collections$UnmodifiableCollection$1.next()Ljava/lang/Object; @ 4 c2
Event: 60.651 Thread 0x000002892a66f7f0 DEOPT PACKING pc=0x000002891bf4b4c0 sp=0x000000dc42afeae0
Event: 60.651 Thread 0x000002892a66f7f0 DEOPT UNPACKING pc=0x000002891b9f8d82 sp=0x000000dc42afea80 mode 2
Event: 60.651 Thread 0x000002892a66f7f0 Uncommon trap: trap_request=0xffffffc6 fr.pc=0x000002891bf4aa84 relative=0x0000000000000084
Event: 60.651 Thread 0x000002892a66f7f0 Uncommon trap: reason=bimorphic_or_optimized_type_check action=maybe_recompile pc=0x000002891bf4aa84 method=java.util.Collections$UnmodifiableCollection$1.hasNext()Z @ 4 c2
Event: 60.651 Thread 0x000002892a66f7f0 DEOPT PACKING pc=0x000002891bf4aa84 sp=0x000000dc42afeaf0
Event: 60.651 Thread 0x000002892a66f7f0 DEOPT UNPACKING pc=0x000002891b9f8d82 sp=0x000000dc42afea80 mode 2
Event: 60.651 Thread 0x000002892a66f7f0 Uncommon trap: trap_request=0xffffffc6 fr.pc=0x000002891bf4b4c0 relative=0x0000000000000140
Event: 60.651 Thread 0x000002892a66f7f0 Uncommon trap: reason=bimorphic_or_optimized_type_check action=maybe_recompile pc=0x000002891bf4b4c0 method=java.util.Collections$UnmodifiableCollection$1.next()Ljava/lang/Object; @ 4 c2
Event: 60.651 Thread 0x000002892a66f7f0 DEOPT PACKING pc=0x000002891bf4b4c0 sp=0x000000dc42afeae0
Event: 60.651 Thread 0x000002892a66f7f0 DEOPT UNPACKING pc=0x000002891b9f8d82 sp=0x000000dc42afea80 mode 2
Event: 60.820 Thread 0x000002892a66f7f0 DEOPT PACKING pc=0x00000289147bb5c6 sp=0x000000dc42afd690
Event: 60.820 Thread 0x000002892a66f7f0 DEOPT UNPACKING pc=0x000002891b9c1702 sp=0x000000dc42afcab8 mode 0
Event: 60.821 Thread 0x000002892a66f7f0 DEOPT PACKING pc=0x00000289147bb5c6 sp=0x000000dc42afd690
Event: 60.821 Thread 0x000002892a66f7f0 DEOPT UNPACKING pc=0x000002891b9c1702 sp=0x000000dc42afcab8 mode 0
Event: 60.822 Thread 0x000002892a66f7f0 DEOPT PACKING pc=0x00000289147bb5c6 sp=0x000000dc42afd690
Event: 60.822 Thread 0x000002892a66f7f0 DEOPT UNPACKING pc=0x000002891b9c1702 sp=0x000000dc42afcab8 mode 0

Classes loaded (20 events):
Event: 60.736 Loading class sun/security/util/math/intpoly/P384OrderField
Event: 60.736 Loading class sun/security/util/math/intpoly/P384OrderField done
Event: 60.737 Loading class sun/security/util/math/intpoly/P521OrderField
Event: 60.737 Loading class sun/security/util/math/intpoly/P521OrderField done
Event: 60.738 Loading class sun/security/ec/ECPrivateKeyImpl
Event: 60.738 Loading class java/security/interfaces/ECPrivateKey
Event: 60.738 Loading class java/security/interfaces/ECPrivateKey done
Event: 60.738 Loading class sun/security/ec/ECPrivateKeyImpl done
Event: 60.738 Loading class sun/security/util/ArrayUtil
Event: 60.739 Loading class sun/security/util/ArrayUtil done
Event: 60.740 Loading class sun/security/ec/ECOperations$Secp256R1GeneratorMontgomeryMultiplier
Event: 60.741 Loading class sun/security/ec/ECOperations$PointMultiplier
Event: 60.741 Loading class sun/security/ec/ECOperations$PointMultiplier done
Event: 60.741 Loading class sun/security/ec/ECOperations$Secp256R1GeneratorMontgomeryMultiplier done
Event: 60.741 Loading class sun/security/ec/ECOperations$DefaultMultiplier
Event: 60.741 Loading class sun/security/ec/ECOperations$DefaultMultiplier done
Event: 60.741 Loading class sun/security/ec/point/ProjectivePoint$Mutable
Event: 60.742 Loading class sun/security/ec/point/MutablePoint
Event: 60.742 Loading class sun/security/ec/point/MutablePoint done
Event: 60.742 Loading class sun/security/ec/point/ProjectivePoint$Mutable done

Classes unloaded (0 events):
No events

Classes redefined (0 events):
No events

Internal exceptions (20 events):
Event: 58.913 Thread 0x000002892a66f7f0 Exception <a 'sun/nio/fs/WindowsException'{0x00000000ffc44130}> (0x00000000ffc44130) 
thrown [s\open\src\hotspot\share\prims\jni.cpp, line 516]
Event: 58.914 Thread 0x000002892a66f7f0 Exception <a 'sun/nio/fs/WindowsException'{0x00000000ffc467c0}> (0x00000000ffc467c0) 
thrown [s\open\src\hotspot\share\prims\jni.cpp, line 516]
Event: 58.914 Thread 0x000002892a66f7f0 Exception <a 'sun/nio/fs/WindowsException'{0x00000000ffc48de8}> (0x00000000ffc48de8) 
thrown [s\open\src\hotspot\share\prims\jni.cpp, line 516]
Event: 58.915 Thread 0x000002892a66f7f0 Exception <a 'sun/nio/fs/WindowsException'{0x00000000ffc4b490}> (0x00000000ffc4b490) 
thrown [s\open\src\hotspot\share\prims\jni.cpp, line 516]
Event: 58.916 Thread 0x000002892a66f7f0 Exception <a 'sun/nio/fs/WindowsException'{0x00000000ffc4dc30}> (0x00000000ffc4dc30) 
thrown [s\open\src\hotspot\share\prims\jni.cpp, line 516]
Event: 58.916 Thread 0x000002892a66f7f0 Exception <a 'sun/nio/fs/WindowsException'{0x00000000ffc50290}> (0x00000000ffc50290) 
thrown [s\open\src\hotspot\share\prims\jni.cpp, line 516]
Event: 58.917 Thread 0x000002892a66f7f0 Exception <a 'sun/nio/fs/WindowsException'{0x00000000ffc528b8}> (0x00000000ffc528b8) 
thrown [s\open\src\hotspot\share\prims\jni.cpp, line 516]
Event: 58.917 Thread 0x000002892a66f7f0 Exception <a 'sun/nio/fs/WindowsException'{0x00000000ffc551e8}> (0x00000000ffc551e8) 
thrown [s\open\src\hotspot\share\prims\jni.cpp, line 516]
Event: 58.921 Thread 0x000002892a66f7f0 Exception <a 'sun/nio/fs/WindowsException'{0x00000000ffc57848}> (0x00000000ffc57848) 
thrown [s\open\src\hotspot\share\prims\jni.cpp, line 516]
Event: 58.925 Thread 0x000002892a66f7f0 Exception <a 'sun/nio/fs/WindowsException'{0x00000000ffc59e30}> (0x00000000ffc59e30) 
thrown [s\open\src\hotspot\share\prims\jni.cpp, line 516]
Event: 58.926 Thread 0x000002892a66f7f0 Exception <a 'sun/nio/fs/WindowsException'{0x00000000ffc5c458}> (0x00000000ffc5c458) 
thrown [s\open\src\hotspot\share\prims\jni.cpp, line 516]
Event: 58.927 Thread 0x000002892a66f7f0 Exception <a 'sun/nio/fs/WindowsException'{0x00000000ffc5ea80}> (0x00000000ffc5ea80) 
thrown [s\open\src\hotspot\share\prims\jni.cpp, line 516]
Event: 58.932 Thread 0x000002892a66f7f0 Exception <a 'sun/nio/fs/WindowsException'{0x00000000ffc610e8}> (0x00000000ffc610e8) 
thrown [s\open\src\hotspot\share\prims\jni.cpp, line 516]
Event: 58.932 Thread 0x000002892a66f7f0 Exception <a 'sun/nio/fs/WindowsException'{0x00000000ffc636d0}> (0x00000000ffc636d0) 
thrown [s\open\src\hotspot\share\prims\jni.cpp, line 516]
Event: 58.935 Thread 0x000002892a66f7f0 Exception <a 'sun/nio/fs/WindowsException'{0x00000000ffc65cf8}> (0x00000000ffc65cf8) 
thrown [s\open\src\hotspot\share\prims\jni.cpp, line 516]
Event: 58.935 Thread 0x000002892a66f7f0 Exception <a 'sun/nio/fs/WindowsException'{0x00000000ffc683f8}> (0x00000000ffc683f8) 
thrown [s\open\src\hotspot\share\prims\jni.cpp, line 516]
Event: 58.936 Thread 0x000002892a66f7f0 Exception <a 'sun/nio/fs/WindowsException'{0x00000000ffc6aa88}> (0x00000000ffc6aa88) 
thrown [s\open\src\hotspot\share\prims\jni.cpp, line 516]
Event: 59.087 Thread 0x000002892a66f7f0 Exception <a 'sun/nio/fs/WindowsException'{0x00000000ffb742c8}> (0x00000000ffb742c8) 
thrown [s\open\src\hotspot\share\prims\jni.cpp, line 516]
Event: 59.864 Thread 0x000002892a66f7f0 Exception <a 'java/lang/NoSuchMethodError'{0x00000000ff9ad640}: 'void java.lang.invoke.DirectMethodHandle$Holder.invokeVirtual(java.lang.Object, java.lang.Object)'> (0x00000000ff9ad640) 
thrown [s\open\src\hotspot\share\interpreter\linkResolver.cpp, line 804]
Event: 60.585 Thread 0x000002892a66f7f0 Exception <a 'java/lang/NoSuchMethodError'{0x00000000ff4a3a38}: 'void java.lang.invoke.DirectMethodHandle$Holder.invokeStatic(java.lang.Object, java.lang.Object)'> (0x00000000ff4a3a38) 
thrown [s\open\src\hotspot\share\interpreter\linkResolver.cpp, line 804]

VM Operations (20 events):
Event: 58.707 Executing safepoint VM operation: G1CollectForAllocation (G1 Evacuation Pause)
Event: 58.723 Executing safepoint VM operation: G1CollectForAllocation (G1 Evacuation Pause) done
Event: 58.978 Executing non-safepoint VM operation: HandshakeAllThreads (Deoptimize)
Event: 58.978 Executing non-safepoint VM operation: HandshakeAllThreads (Deoptimize) done
Event: 58.999 Executing non-safepoint VM operation: HandshakeAllThreads (Deoptimize)
Event: 58.999 Executing non-safepoint VM operation: HandshakeAllThreads (Deoptimize) done
Event: 59.088 Executing non-safepoint VM operation: HandshakeAllThreads (Deoptimize)
Event: 59.088 Executing non-safepoint VM operation: HandshakeAllThreads (Deoptimize) done
Event: 59.786 Executing non-safepoint VM operation: HandshakeAllThreads (Deoptimize)
Event: 59.786 Executing non-safepoint VM operation: HandshakeAllThreads (Deoptimize) done
Event: 59.948 Executing non-safepoint VM operation: HandshakeAllThreads (Deoptimize)
Event: 59.948 Executing non-safepoint VM operation: HandshakeAllThreads (Deoptimize) done
Event: 60.205 Executing non-safepoint VM operation: HandshakeAllThreads (HandshakeForDeflation)
Event: 60.227 Executing non-safepoint VM operation: HandshakeAllThreads (HandshakeForDeflation) done
Event: 60.233 Executing non-safepoint VM operation: RendezvousGCThreads
Event: 60.233 Executing non-safepoint VM operation: RendezvousGCThreads done
Event: 60.636 Executing non-safepoint VM operation: HandshakeAllThreads (Deoptimize)
Event: 60.636 Executing non-safepoint VM operation: HandshakeAllThreads (Deoptimize) done
Event: 60.648 Executing non-safepoint VM operation: HandshakeAllThreads (Deoptimize)
Event: 60.648 Executing non-safepoint VM operation: HandshakeAllThreads (Deoptimize) done

Memory protections (0 events):
No events

Nmethod flushes (0 events):
No events

Events (16 events):
Event: 0.034 Thread 0x000002890a0d22f0 Thread added: 0x000002890a0d22f0
Event: 0.058 Thread 0x000002890a0d22f0 Thread added: 0x000002890a37b2a0
Event: 0.059 Thread 0x000002890a0d22f0 Thread added: 0x000002890a37d140
Event: 0.060 Thread 0x000002890a0d22f0 Thread added: 0x000002890a37de80
Event: 0.060 Thread 0x000002890a0d22f0 Thread added: 0x0000028925c9cf60
Event: 0.060 Thread 0x000002890a0d22f0 Thread added: 0x0000028925c9d720
Event: 0.060 Thread 0x000002890a0d22f0 Thread added: 0x0000028925c9e2e0
Event: 0.060 Thread 0x000002890a0d22f0 Thread added: 0x0000028925c9f1d0
Event: 0.061 Thread 0x000002890a0d22f0 Thread added: 0x0000028925ca3ab0
Event: 0.070 Thread 0x000002890a0d22f0 Thread added: 0x0000028925d639a0
Event: 0.096 Thread 0x000002890a0d22f0 Thread added: 0x0000028925d70410
Event: 3.697 Thread 0x000002890a0d22f0 Thread added: 0x000002892a8012d0
Event: 3.697 Thread 0x000002890a0d22f0 Thread exited: 0x000002890a0d22f0
Event: 3.697 Thread 0x000002890a0d22f0 Thread added: 0x000002890a0d22f0
Event: 7.637 Thread 0x000002892a8012d0 Thread added: 0x000002892a32e680
Event: 57.300 Thread 0x000002892a8012d0 Thread added: 0x000002892a66f7f0


Dynamic libraries:
0x00007ff60ff20000 - 0x00007ff60ff30000 	C:\Program Files\Java\jdk-25\bin\java.exe
0x00007ffa32b20000 - 0x00007ffa32d87000 	C:\WINDOWS\SYSTEM32\ntdll.dll
0x00007ffa31830000 - 0x00007ffa318f9000 	C:\WINDOWS\System32\KERNEL32.DLL
0x00007ffa302b0000 - 0x00007ffa3069f000 	C:\WINDOWS\System32\KERNELBASE.dll
0x00007ffa2fdd0000 - 0x00007ffa2ff1b000 	C:\WINDOWS\System32\ucrtbase.dll
0x00007ffa1db70000 - 0x00007ffa1db87000 	C:\Program Files\Java\jdk-25\bin\jli.dll
0x00007ffa1c300000 - 0x00007ffa1c31e000 	C:\Program Files\Java\jdk-25\bin\VCRUNTIME140.dll
0x00007ffa30ec0000 - 0x00007ffa31085000 	C:\WINDOWS\System32\USER32.dll
0x00007ffa2fc70000 - 0x00007ffa2fc97000 	C:\WINDOWS\System32\win32u.dll
0x00007ffa1dde0000 - 0x00007ffa1e073000 	C:\WINDOWS\WinSxS\amd64_microsoft.windows.common-controls_6595b64144ccf1df_6.0.26100.7309_none_3e05feeae336a044\COMCTL32.dll
0x00007ffa317c0000 - 0x00007ffa317eb000 	C:\WINDOWS\System32\GDI32.dll
0x00007ffa31120000 - 0x00007ffa311c9000 	C:\WINDOWS\System32\msvcrt.dll
0x00007ffa2fca0000 - 0x00007ffa2fdcc000 	C:\WINDOWS\System32\gdi32full.dll
0x00007ffa2ff20000 - 0x00007ffa2ffc3000 	C:\WINDOWS\System32\msvcp_win.dll
0x00007ffa32000000 - 0x00007ffa32031000 	C:\WINDOWS\System32\IMM32.DLL
0x00007ffa1e210000 - 0x00007ffa1e21c000 	C:\Program Files\Java\jdk-25\bin\vcruntime140_1.dll
0x00007ff9f32c0000 - 0x00007ff9f334d000 	C:\Program Files\Java\jdk-25\bin\msvcp140.dll
0x00007ff983810000 - 0x00007ff98466f000 	C:\Program Files\Java\jdk-25\bin\server\jvm.dll
0x00007ffa308c0000 - 0x00007ffa30974000 	C:\WINDOWS\System32\ADVAPI32.dll
0x00007ffa30980000 - 0x00007ffa30a26000 	C:\WINDOWS\System32\sechost.dll
0x00007ffa319f0000 - 0x00007ffa31b08000 	C:\WINDOWS\System32\RPCRT4.dll
0x00007ffa310a0000 - 0x00007ffa31114000 	C:\WINDOWS\System32\WS2_32.dll
0x00007ffa2fad0000 - 0x00007ffa2fb2e000 	C:\WINDOWS\SYSTEM32\POWRPROF.dll
0x00007ffa246d0000 - 0x00007ffa246db000 	C:\WINDOWS\SYSTEM32\VERSION.dll
0x00007ffa26dd0000 - 0x00007ffa26e05000 	C:\WINDOWS\SYSTEM32\WINMM.dll
0x00007ffa2f900000 - 0x00007ffa2f914000 	C:\WINDOWS\SYSTEM32\UMPDC.dll
0x00007ffa2e9e0000 - 0x00007ffa2e9fb000 	C:\WINDOWS\SYSTEM32\kernel.appcore.dll
0x00007ffa16090000 - 0x00007ffa1609a000 	C:\Program Files\Java\jdk-25\bin\jimage.dll
0x00007ffa2d3c0000 - 0x00007ffa2d602000 	C:\WINDOWS\SYSTEM32\DBGHELP.DLL
0x00007ffa31bb0000 - 0x00007ffa31f35000 	C:\WINDOWS\System32\combase.dll
0x00007ffa31460000 - 0x00007ffa31536000 	C:\WINDOWS\System32\OLEAUT32.dll
0x00007ffa134d0000 - 0x00007ffa1350c000 	C:\WINDOWS\SYSTEM32\dbgcore.DLL
0x00007ffa2ffd0000 - 0x00007ffa30075000 	C:\WINDOWS\System32\bcryptPrimitives.dll
0x00007ff9f7060000 - 0x00007ff9f707f000 	C:\Program Files\Java\jdk-25\bin\java.dll
0x00007ffa31620000 - 0x00007ffa317b7000 	C:\WINDOWS\System32\ole32.dll
0x00007ffa32040000 - 0x00007ffa32793000 	C:\WINDOWS\System32\SHELL32.dll
0x00007ffa30080000 - 0x00007ffa301ea000 	C:\WINDOWS\System32\wintypes.dll
0x00007ffa2d820000 - 0x00007ffa2e07e000 	C:\WINDOWS\SYSTEM32\windows.storage.dll
0x00007ffa327a0000 - 0x00007ffa32895000 	C:\WINDOWS\System32\SHCORE.dll
0x00007ffa31980000 - 0x00007ffa319e6000 	C:\WINDOWS\System32\shlwapi.dll
0x00007ffa2fb90000 - 0x00007ffa2fbb9000 	C:\WINDOWS\SYSTEM32\profapi.dll
0x00007ff9f32a0000 - 0x00007ff9f32b2000 	C:\Program Files\Java\jdk-25\bin\net.dll
0x00007ffa2ef30000 - 0x00007ffa2ef9b000 	C:\WINDOWS\system32\mswsock.dll
0x00007ff9f3280000 - 0x00007ff9f3296000 	C:\Program Files\Java\jdk-25\bin\nio.dll
0x00007ff9f3240000 - 0x00007ff9f3257000 	C:\Program Files\Java\jdk-25\bin\zip.dll
0x00007ffa2f320000 - 0x00007ffa2f33b000 	C:\WINDOWS\SYSTEM32\CRYPTSP.dll
0x00007ffa2e940000 - 0x00007ffa2e97a000 	C:\WINDOWS\system32\rsaenh.dll
0x00007ffa2efe0000 - 0x00007ffa2f00b000 	C:\WINDOWS\SYSTEM32\USERENV.dll
0x00007ffa2fb60000 - 0x00007ffa2fb8a000 	C:\WINDOWS\SYSTEM32\bcrypt.dll
0x00007ffa2f180000 - 0x00007ffa2f18c000 	C:\WINDOWS\SYSTEM32\CRYPTBASE.dll
0x00007ffa2e510000 - 0x00007ffa2e544000 	C:\WINDOWS\SYSTEM32\IPHLPAPI.DLL
0x00007ffa317f0000 - 0x00007ffa317fa000 	C:\WINDOWS\System32\NSI.dll
0x00007ffa1db60000 - 0x00007ffa1db6e000 	C:\Program Files\Java\jdk-25\bin\sunmscapi.dll
0x00007ffa30740000 - 0x00007ffa308b7000 	C:\WINDOWS\System32\CRYPT32.dll
0x00007ffa2f470000 - 0x00007ffa2f4a0000 	C:\WINDOWS\SYSTEM32\ncrypt.dll
0x00007ffa2f420000 - 0x00007ffa2f45f000 	C:\WINDOWS\SYSTEM32\NTASN1.dll
0x00007ffa2e550000 - 0x00007ffa2e67c000 	C:\WINDOWS\SYSTEM32\DNSAPI.dll
0x00007ffa226a0000 - 0x00007ffa226ab000 	C:\Windows\System32\rasadhlp.dll
0x00007ffa26450000 - 0x00007ffa264d6000 	C:\WINDOWS\System32\fwpuclnt.dll
0x00007ff9f3270000 - 0x00007ff9f3279000 	C:\Program Files\Java\jdk-25\bin\extnet.dll

JVMTI agents: none

dbghelp: loaded successfully - version: 4.0.5 - missing functions: none
symbol engine: initialized successfully - sym options: 0x614 - pdb path: .;C:\Program Files\Java\jdk-25\bin;C:\WINDOWS\SYSTEM32;C:\WINDOWS\WinSxS\amd64_microsoft.windows.common-controls_6595b64144ccf1df_6.0.26100.7309_none_3e05feeae336a044;C:\Program Files\Java\jdk-25\bin\server

VM Arguments:
jvm_args: -DwatchParentProcess=false -XX:+ExitOnOutOfMemoryError -XX:+HeapDumpOnOutOfMemoryError -XX:HeapDumpPath=c:\Users\LENOVO\AppData\Roaming\Code\User\globalStorage\redhat.vscode-xml -Xmx64M 
java_command: org.eclipse.lemminx.XMLServerLauncher
java_class_path (initial): c:\Users\LENOVO\.vscode\extensions\redhat.vscode-xml-0.29.0-win32-x64\server\org.eclipse.lemminx-0.31.0-uber.jar
Launcher Type: SUN_STANDARD

[Global flags]
     intx CICompilerCount                          = 2                                         {product} {ergonomic}
     uint ConcGCThreads                            = 1                                         {product} {ergonomic}
     bool ExitOnOutOfMemoryError                   = true                                      {product} {command line}
     uint G1ConcRefinementThreads                  = 2                                         {product} {ergonomic}
   size_t G1HeapRegionSize                         = 1048576                                   {product} {ergonomic}
     bool HeapDumpOnOutOfMemoryError               = true                                   {manageable} {command line}
    ccstr HeapDumpPath                             = c:\Users\LENOVO\AppData\Roaming\Code\User\globalStorage\redhat.vscode-xml         {manageable} {command line}
   size_t InitialHeapSize                          = 67108864                                  {product} {ergonomic}
   size_t MarkStackSize                            = 4194304                                   {product} {ergonomic}
   size_t MarkStackSizeMax                         = 536870912                                 {product} {ergonomic}
   size_t MaxHeapSize                              = 67108864                                  {product} {command line}
   size_t MaxNewSize                               = 39845888                                  {product} {ergonomic}
   size_t MinHeapDeltaBytes                        = 1048576                                   {product} {ergonomic}
   size_t MinHeapSize                              = 8388608                                   {product} {ergonomic}
    uintx NonNMethodCodeHeapSize                   = 5767168                                {pd product} {ergonomic}
    uintx NonProfiledCodeHeapSize                  = 123011072                              {pd product} {ergonomic}
    uintx ProfiledCodeHeapSize                     = 122880000                              {pd product} {ergonomic}
    uintx ReservedCodeCacheSize                    = 251658240                              {pd product} {ergonomic}
     bool SegmentedCodeCache                       = true                                      {product} {ergonomic}
   size_t SoftMaxHeapSize                          = 67108864                               {manageable} {ergonomic}
     bool UseCompressedOops                        = true                           {product lp64_product} {ergonomic}
     bool UseG1GC                                  = true                                      {product} {ergonomic}
     bool UseLargePagesIndividualAllocation        = false                                  {pd product} {ergonomic}

Logging:
Log output configuration:
 #0: stdout all=warning uptime,level,tags foldmultilines=false
 #1: stderr all=off uptime,level,tags foldmultilines=false

Release file:
IMPLEMENTOR="Oracle Corporation" 
JAVA_RUNTIME_VERSION="25+37-LTS-3491" 
JAVA_VERSION="25" 
JAVA_VERSION_DATE="2025-09-16" 
LIBC="default" 
MODULES="java.base java.compiler java.datatransfer java.xml java.prefs java.desktop java.instrument java.logging java.management java.security.sasl java.naming java.rmi java.management.rmi java.net.http java.scripting java.security.jgss java.transaction.xa java.sql java.sql.rowset java.xml.crypto java.se java.smartcardio jdk.accessibility jdk.internal.jvmstat jdk.attach jdk.charsets jdk.internal.opt jdk.zipfs jdk.compiler jdk.crypto.cryptoki jdk.crypto.ec jdk.crypto.mscapi jdk.dynalink jdk.internal.ed jdk.editpad jdk.internal.vm.ci jdk.graal.compiler jdk.graal.compiler.management jdk.hotspot.agent jdk.httpserver jdk.incubator.vector jdk.internal.le jdk.internal.md jdk.jartool jdk.javadoc jdk.jcmd jdk.management jdk.management.agent jdk.jconsole jdk.jdeps jdk.jdwp.agent jdk.jdi jdk.jfr jdk.jlink jdk.jpackage jdk.jshell jdk.jsobject jdk.jstatd jdk.localedata jdk.management.jfr jdk.naming.dns jdk.naming.rmi jdk.net jdk.nio.mapmode jdk.sctp jdk.security.auth jdk.security.jgss jdk.unsupported jdk.unsupported.desktop jdk.xml.dom" 
OS_ARCH="x86_64" 
OS_NAME="Windows" 
SOURCE=".:git:49d6a23b8806 open:git:6c48f4ed707b" 

Environment Variables:
PATH=C:\Program Files (x86)\bin;C:\Program Files\Common Files\Oracle\Java\javapath;C:\WINDOWS\system32;C:\WINDOWS;C:\WINDOWS\System32\Wbem;C:\WINDOWS\System32\WindowsPowerShell\v1.0\;C:\WINDOWS\System32\OpenSSH\;C:\Program Files\Java\jdk-25\bin;C:\Program Files\Java\jdk-19\bin;C:\Users\LENOVO\AppData\Local\Microsoft\WindowsApps;C:\Microsoft VS Code\bin;C:\Program Files\Java\jdk-25\bin;
USERNAME=LENOVO
OS=Windows_NT
PROCESSOR_IDENTIFIER=AMD64 Family 23 Model 160 Stepping 0, AuthenticAMD
TMP=C:\Users\LENOVO\AppData\Local\Temp
TEMP=C:\Users\LENOVO\AppData\Local\Temp




Compilation memory statistics disabled.

Periodic native trim disabled

---------------  S Y S T E M  ---------------

OS:
 Windows 11 , 64 bit Build 26100 (10.0.26100.7309)
OS uptime: 1 days 1:12 hours
Hyper-V role detected

CPU: total 2 (initial active 2) (2 cores per cpu, 1 threads per core) family 23 model 160 stepping 0 microcode 0x8a0000a, cx8, cmov, fxsr, mmx, 3dnowpref, sse, sse2, sse3, ssse3, sse4a, sse4.1, sse4.2, popcnt, lzcnt, tsc, tscinvbit, avx, avx2, aes, clmul, bmi1, bmi2, adx, sha, fma, vzeroupper, clflush, clflushopt, clwb, hv, rdtscp, rdpid, f16c
Processor Information for the first 2 processors :
  Max Mhz: 2401, Current Mhz: 2401, Mhz Limit: 2401

Memory: 4k page, system-wide physical 5965M (572M free)
TotalPageFile size 14477M (AvailPageFile size 12M)
current process WorkingSet (physical memory assigned to process): 91M, peak: 91M
current process commit charge ("private bytes"): 157M, peak: 158M

vm_info: Java HotSpot(TM) 64-Bit Server VM (25+37-LTS-3491) for windows-amd64 JRE (25+37-LTS-3491), built on 2025-08-14T21:13:00Z with unknown MS VC++:1943

END.
