#
# There is insufficient memory for the Java Runtime Environment to continue.
# Native memory allocation (malloc) failed to allocate 1048576 bytes. Error detail: AllocateHeap
# Possible reasons:
#   The system is out of physical RAM or swap space
#   This process is running with CompressedOops enabled, and the Java Heap may be blocking the growth of the native heap
# Possible solutions:
#   Reduce memory load on the system
#   Increase physical memory or swap space
#   Check if swap backing store is full
#   Decrease Java heap size (-Xmx/-Xms)
#   Decrease number of Java threads
#   Decrease Java thread stack sizes (-Xss)
#   Set larger code cache with -XX:ReservedCodeCacheSize=
#   JVM is running with Unscaled Compressed Oops mode in which the Java heap is
#     placed in the first 4GB address space. The Java Heap base address is the
#     maximum limit for the native heap growth. Please use -XX:HeapBaseMinAddress
#     to set the Java Heap base and to place the Java Heap above 4GB virtual address.
# This output file may be truncated or incomplete.
#
#  Out of Memory Error (allocation.cpp:44), pid=14576, tid=17696
#
# JRE version: OpenJDK Runtime Environment Temurin-21.0.9+10 (21.0.9+10) (build 21.0.9+10-LTS)
# Java VM: OpenJDK 64-Bit Server VM Temurin-21.0.9+10 (21.0.9+10-LTS, mixed mode, sharing, tiered, compressed oops, compressed class ptrs, parallel gc, windows-amd64)
# No core dump will be written. Minidumps are not enabled by default on client versions of Windows
#

---------------  S U M M A R Y ------------

Command Line: --add-modules=ALL-SYSTEM --add-opens=java.base/java.util=ALL-UNNAMED --add-opens=java.base/java.lang=ALL-UNNAMED --add-opens=java.base/sun.nio.fs=ALL-UNNAMED -Declipse.application=org.eclipse.jdt.ls.core.id1 -Dosgi.bundles.defaultStartLevel=4 -Declipse.product=org.eclipse.jdt.ls.core.product -Djava.import.generatesMetadataFilesAtProjectRoot=false -DDetectVMInstallationsJob.disabled=true -Dfile.encoding=utf8 -XX:+UseParallelGC -XX:GCTimeRatio=4 -XX:AdaptiveSizePolicyWeight=90 -Dsun.zip.disableMemoryMapping=true -Xmx2G -Xms100m -Xlog:disable -javaagent:c:\Users\LENOVO\.vscode\extensions\redhat.java-1.50.0-win32-x64\lombok\lombok-1.18.39-4050.jar -XX:+HeapDumpOnOutOfMemoryError -XX:HeapDumpPath=c:\Users\LENOVO\AppData\Roaming\Code\User\workspaceStorage\57bd817b03371703b371fd6386575815\redhat.java -Daether.dependencyCollector.impl=bf c:\Users\LENOVO\.vscode\extensions\redhat.java-1.50.0-win32-x64\server\plugins\org.eclipse.equinox.launcher_1.7.100.v20251111-0406.jar -configuration c:\Users\LENOVO\AppData\Roaming\Code\User\globalStorage\redhat.java\1.50.0\config_win -data c:\Users\LENOVO\AppData\Roaming\Code\User\workspaceStorage\57bd817b03371703b371fd6386575815\redhat.java\jdt_ws --pipe=\\.\pipe\lsp-cb8242d82a6296675926800f9744c92a-sock

Host: AMD Athlon Silver 7120U with Radeon Graphics   , 2 cores, 5G,  Windows 11 , 64 bit Build 26100 (10.0.26100.7309)
Time: Tue Jan  6 08:27:04 2026 SE Asia Standard Time elapsed time: 785.168476 seconds (0d 0h 13m 5s)

---------------  T H R E A D  ---------------

Current thread (0x00000278752cdb30):  JavaThread "Attach Listener" daemon [_thread_in_vm, id=17696, stack(0x000000c515a00000,0x000000c515b00000) (1024K)]

Stack: [0x000000c515a00000,0x000000c515b00000]
Native frames: (J=compiled Java code, j=interpreted, Vv=VM code, C=native code)
V  [jvm.dll+0x6d6e29]
V  [jvm.dll+0x8b4b76]
V  [jvm.dll+0x8b712e]
V  [jvm.dll+0x8b7813]
V  [jvm.dll+0x283d86]
V  [jvm.dll+0xc1277]
V  [jvm.dll+0x6d76d9]
V  [jvm.dll+0x133466]
V  [jvm.dll+0x3f7ea6]
V  [jvm.dll+0x85e9ad]
V  [jvm.dll+0x6d565d]
C  [ucrtbase.dll+0x37b0]
C  [KERNEL32.DLL+0x2e8d7]
C  [ntdll.dll+0x8c53c]


---------------  P R O C E S S  ---------------

Threads class SMR info:
_java_thread_list=0x0000027855dc5320, length=36, elements={
0x000002787541ba50, 0x00000278752c6f10, 0x00000278752ca720, 0x00000278752ccee0,
0x00000278752cdb30, 0x00000278752d69b0, 0x00000278752db820, 0x00000278752dc650,
0x000002787534c450, 0x000002787d463180, 0x000002787d56b400, 0x000002787d969a00,
0x000002787dc1b510, 0x000002787d4f91b0, 0x000002787d7aeb50, 0x000002787d9a65c0,
0x000002787da94c00, 0x000002787d780490, 0x000002787d77ea50, 0x000002787d781840,
0x000002787d77f0e0, 0x000002787d77fe00, 0x000002787e8a18f0, 0x000002787e8a1f80,
0x000002787e89feb0, 0x000002787e8a2610, 0x000002787e8a46e0, 0x000002787e8a2ca0,
0x000002787d703500, 0x000002787d704220, 0x000002787d702e70, 0x000002787d705c60,
0x000002787d7083c0, 0x000002787d703b90, 0x000002787d702150, 0x000002787d7055d0
}

Java Threads: ( => current thread )
  0x000002787541ba50 JavaThread "main"                              [_thread_blocked, id=18472, stack(0x000000c515200000,0x000000c515300000) (1024K)]
  0x00000278752c6f10 JavaThread "Reference Handler"          daemon [_thread_blocked, id=23352, stack(0x000000c515700000,0x000000c515800000) (1024K)]
  0x00000278752ca720 JavaThread "Finalizer"                  daemon [_thread_blocked, id=5520, stack(0x000000c515800000,0x000000c515900000) (1024K)]
  0x00000278752ccee0 JavaThread "Signal Dispatcher"          daemon [_thread_blocked, id=24188, stack(0x000000c515900000,0x000000c515a00000) (1024K)]
=>0x00000278752cdb30 JavaThread "Attach Listener"            daemon [_thread_in_vm, id=17696, stack(0x000000c515a00000,0x000000c515b00000) (1024K)]
  0x00000278752d69b0 JavaThread "Service Thread"             daemon [_thread_blocked, id=21076, stack(0x000000c515b00000,0x000000c515c00000) (1024K)]
  0x00000278752db820 JavaThread "Monitor Deflation Thread"   daemon [_thread_blocked, id=10100, stack(0x000000c515c00000,0x000000c515d00000) (1024K)]
  0x00000278752dc650 JavaThread "C2 CompilerThread0"         daemon [_thread_blocked, id=23788, stack(0x000000c515d00000,0x000000c515e00000) (1024K)]
  0x000002787534c450 JavaThread "C1 CompilerThread0"         daemon [_thread_blocked, id=23708, stack(0x000000c515e00000,0x000000c515f00000) (1024K)]
  0x000002787d463180 JavaThread "Common-Cleaner"             daemon [_thread_blocked, id=14784, stack(0x000000c515f00000,0x000000c516000000) (1024K)]
  0x000002787d56b400 JavaThread "Notification Thread"        daemon [_thread_blocked, id=13688, stack(0x000000c516000000,0x000000c516100000) (1024K)]
  0x000002787d969a00 JavaThread "Active Thread: Equinox Container: 7ff666a1-2ac2-4a8b-8a20-38ffdfce4c23"        [_thread_blocked, id=24560, stack(0x000000c516200000,0x000000c516300000) (1024K)]
  0x000002787dc1b510 JavaThread "Refresh Thread: Equinox Container: 7ff666a1-2ac2-4a8b-8a20-38ffdfce4c23" daemon [_thread_blocked, id=24420, stack(0x000000c516300000,0x000000c516400000) (1024K)]
  0x000002787d4f91b0 JavaThread "Framework Event Dispatcher: Equinox Container: 7ff666a1-2ac2-4a8b-8a20-38ffdfce4c23" daemon [_thread_blocked, id=1948, stack(0x000000c516400000,0x000000c516500000) (1024K)]
  0x000002787d7aeb50 JavaThread "Start Level: Equinox Container: 7ff666a1-2ac2-4a8b-8a20-38ffdfce4c23" daemon [_thread_blocked, id=11368, stack(0x000000c516500000,0x000000c516600000) (1024K)]
  0x000002787d9a65c0 JavaThread "Bundle File Closer"         daemon [_thread_blocked, id=6084, stack(0x000000c515300000,0x000000c515400000) (1024K)]
  0x000002787da94c00 JavaThread "SCR Component Actor"        daemon [_thread_blocked, id=52, stack(0x000000c515100000,0x000000c515200000) (1024K)]
  0x000002787d780490 JavaThread "Worker-JM"                         [_thread_blocked, id=23980, stack(0x000000c516600000,0x000000c516700000) (1024K)]
  0x000002787d77ea50 JavaThread "JNA Cleaner"                daemon [_thread_blocked, id=23916, stack(0x000000c516900000,0x000000c516a00000) (1024K)]
  0x000002787d781840 JavaThread "Worker-2"                          [_thread_blocked, id=21420, stack(0x000000c516c00000,0x000000c516d00000) (1024K)]
  0x000002787d77f0e0 JavaThread "Java indexing"              daemon [_thread_blocked, id=16984, stack(0x000000c516e00000,0x000000c516f00000) (1024K)]
  0x000002787d77fe00 JavaThread "Worker-4"                          [_thread_blocked, id=8088, stack(0x000000c517100000,0x000000c517200000) (1024K)]
  0x000002787e8a18f0 JavaThread "Thread-1"                   daemon [_thread_in_native, id=10620, stack(0x000000c517600000,0x000000c517700000) (1024K)]
  0x000002787e8a1f80 JavaThread "Thread-2"                   daemon [_thread_in_native, id=12952, stack(0x000000c517700000,0x000000c517800000) (1024K)]
  0x000002787e89feb0 JavaThread "Thread-3"                   daemon [_thread_in_native, id=10160, stack(0x000000c517800000,0x000000c517900000) (1024K)]
  0x000002787e8a2610 JavaThread "pool-2-thread-1"                   [_thread_blocked, id=364, stack(0x000000c517900000,0x000000c517a00000) (1024K)]
  0x000002787e8a46e0 JavaThread "WorkspaceEventsHandler"            [_thread_blocked, id=18612, stack(0x000000c517a00000,0x000000c517b00000) (1024K)]
  0x000002787e8a2ca0 JavaThread "pool-1-thread-1"                   [_thread_blocked, id=18560, stack(0x000000c517b00000,0x000000c517c00000) (1024K)]
  0x000002787d703500 JavaThread "Cleaner-0"                  daemon [_thread_blocked, id=17504, stack(0x000000c517e00000,0x000000c517f00000) (1024K)]
  0x000002787d704220 JavaThread "Compiler Processing Task"   daemon [_thread_blocked, id=1936, stack(0x000000c516700000,0x000000c516800000) (1024K)]
  0x000002787d702e70 JavaThread "Worker-6"                          [_thread_blocked, id=9640, stack(0x000000c516b00000,0x000000c516c00000) (1024K)]
  0x000002787d705c60 JavaThread "Worker-7"                          [_thread_blocked, id=17592, stack(0x000000c517000000,0x000000c517100000) (1024K)]
  0x000002787d7083c0 JavaThread "Worker-8"                          [_thread_blocked, id=13408, stack(0x000000c517400000,0x000000c517500000) (1024K)]
  0x000002787d703b90 JavaThread "LocalFile Deleter"          daemon [_thread_blocked, id=6700, stack(0x000000c516800000,0x000000c516900000) (1024K)]
  0x000002787d702150 JavaThread "LocalFile Deleter"          daemon [_thread_blocked, id=17600, stack(0x000000c516d00000,0x000000c516e00000) (1024K)]
  0x000002787d7055d0 JavaThread "Compiler Class File Writer" daemon [_thread_blocked, id=21964, stack(0x000000c517200000,0x000000c517300000) (1024K)]
Total: 36

Other Threads:
  0x00000278754dbb10 VMThread "VM Thread"                           [id=3288, stack(0x000000c515600000,0x000000c515700000) (1024K)]
  0x00000278752aca10 WatcherThread "VM Periodic Task Thread"        [id=15652, stack(0x000000c515500000,0x000000c515600000) (1024K)]
  0x000002787543b060 WorkerThread "GC Thread#0"                     [id=19444, stack(0x000000c515400000,0x000000c515500000) (1024K)]
  0x000002787d616930 WorkerThread "GC Thread#1"                     [id=24240, stack(0x000000c516100000,0x000000c516200000) (1024K)]
Total: 4

Threads with active compile tasks:
Total: 0

VM state: not at safepoint (normal execution)

VM Mutex/Monitor currently owned by a thread: None

Heap address: 0x0000000080000000, size: 2048 MB, Compressed Oops mode: 32-bit

CDS archive(s) mapped at: [0x000002780f000000-0x000002780fba0000-0x000002780fba0000), size 12189696, SharedBaseAddress: 0x000002780f000000, ArchiveRelocationMode: 1.
Compressed class space mapped at: 0x0000027810000000-0x0000027850000000, reserved size: 1073741824
Narrow klass base: 0x000002780f000000, Narrow klass shift: 0, Narrow klass range: 0x100000000

GC Precious Log:
 CardTable entry size: 512
 CPUs: 2 total, 2 available
 Memory: 5965M
 Large Page Support: Disabled
 NUMA Support: Disabled
 Compressed Oops: Enabled (32-bit)
 Alignments: Space 512K, Generation 512K, Heap 2M
 Heap Min Capacity: 100M
 Heap Initial Capacity: 100M
 Heap Max Capacity: 2G
 Pre-touch: Disabled
 Parallel Workers: 2

Heap:
 PSYoungGen      total 17408K, used 11370K [0x00000000d5580000, 0x00000000d7480000, 0x0000000100000000)
  eden space 16384K, 63% used [0x00000000d5580000,0x00000000d5f9daa0,0x00000000d6580000)
  from space 1024K, 98% used [0x00000000d6d80000,0x00000000d6e7cf08,0x00000000d6e80000)
  to   space 7680K, 0% used [0x00000000d6580000,0x00000000d6580000,0x00000000d6d00000)
 ParOldGen       total 165376K, used 165068K [0x0000000080000000, 0x000000008a180000, 0x00000000d5580000)
  object space 165376K, 99% used [0x0000000080000000,0x000000008a133260,0x000000008a180000)
 Metaspace       used 75963K, committed 77440K, reserved 1179648K
  class space    used 7943K, committed 8512K, reserved 1048576K

Card table byte_map: [0x0000027874dc0000,0x00000278751d0000] _byte_map_base: 0x00000278749c0000

Marking Bits: (ParMarkBitMap*) 0x00007ffa92fe2460
 Begin Bits: [0x00000278788d0000, 0x000002787a8d0000)
 End Bits:   [0x000002787a8d0000, 0x000002787c8d0000)

Polling page: 0x0000027873030000

Metaspace:

Usage:
  Non-class:     66.43 MB used.
      Class:      7.76 MB used.
       Both:     74.18 MB used.

Virtual space:
  Non-class space:      128.00 MB reserved,      67.31 MB ( 53%) committed,  2 nodes.
      Class space:        1.00 GB reserved,       8.31 MB ( <1%) committed,  1 nodes.
             Both:        1.12 GB reserved,      75.62 MB (  7%) committed. 

Chunk freelists:
   Non-Class:  12.50 MB
       Class:  7.66 MB
        Both:  20.16 MB

MaxMetaspaceSize: unlimited
CompressedClassSpaceSize: 1.00 GB
Initial GC threshold: 21.00 MB
Current GC threshold: 97.31 MB
CDS: on
 - commit_granule_bytes: 65536.
 - commit_granule_words: 8192.
 - virtual_space_node_default_size: 8388608.
 - enlarge_chunks_in_place: 1.
 - use_allocation_guard: 0.


Internal statistics:

num_allocs_failed_limit: 11.
num_arena_births: 1134.
num_arena_deaths: 14.
num_vsnodes_births: 3.
num_vsnodes_deaths: 0.
num_space_committed: 1210.
num_space_uncommitted: 0.
num_chunks_returned_to_freelist: 25.
num_chunks_taken_from_freelist: 4497.
num_chunk_merges: 9.
num_chunk_splits: 2797.
num_chunks_enlarged: 1670.
num_inconsistent_stats: 0.

CodeHeap 'non-profiled nmethods': size=120064Kb used=10214Kb max_used=10214Kb free=109849Kb
 bounds [0x0000027807ac0000, 0x00000278084c0000, 0x000002780f000000]
CodeHeap 'profiled nmethods': size=120000Kb used=30363Kb max_used=30363Kb free=89636Kb
 bounds [0x0000027800000000, 0x0000027801db0000, 0x0000027807530000]
CodeHeap 'non-nmethods': size=5696Kb used=1491Kb max_used=1564Kb free=4205Kb
 bounds [0x0000027807530000, 0x00000278077a0000, 0x0000027807ac0000]
CodeCache: size=245760Kb, used=42068Kb, max_used=42141Kb, free=203690Kb
 total_blobs=12841, nmethods=12027, adapters=718, full_count=0
Compilation: enabled, stopped_count=0, restarted_count=0

Compilation events (20 events):
Event: 782.852 Thread 0x000002787534c450 12899       3       org.eclipse.jdt.core.dom.ASTVisitor::endVisit (1 bytes)
Event: 782.852 Thread 0x000002787534c450 nmethod 12899 0x0000027801da0890 code [0x0000027801da0a20, 0x0000027801da0b28]
Event: 782.854 Thread 0x000002787534c450 12900   !   3       org.eclipse.jdt.core.dom.ParenthesizedExpression::getExpression (60 bytes)
Event: 782.854 Thread 0x00000278752dc650 12901       4       org.eclipse.jdt.core.dom.SimpleName::isDeclaration (192 bytes)
Event: 782.855 Thread 0x000002787534c450 nmethod 12900 0x0000027801da0b90 code [0x0000027801da0e00, 0x0000027801da18f8]
Event: 782.857 Thread 0x00000278752dc650 nmethod 12901 0x00000278084b9510 code [0x00000278084b96e0, 0x00000278084b9900]
Event: 782.857 Thread 0x000002787534c450 12902       3       org.eclipse.jdt.core.dom.CompilationUnit::findDeclaringNode (12 bytes)
Event: 782.858 Thread 0x000002787534c450 nmethod 12902 0x0000027801da2010 code [0x0000027801da21c0, 0x0000027801da23b8]
Event: 782.858 Thread 0x000002787534c450 12903  s    3       org.eclipse.jdt.core.dom.DefaultBindingResolver::findDeclaringNode (113 bytes)
Event: 782.859 Thread 0x000002787534c450 nmethod 12903 0x0000027801da2490 code [0x0000027801da27c0, 0x0000027801da41b8]
Event: 782.860 Thread 0x000002787534c450 12904       3       org.eclipse.jdt.internal.corext.dom.GenericVisitor::endVisit (6 bytes)
Event: 782.860 Thread 0x000002787534c450 nmethod 12904 0x0000027801da4690 code [0x0000027801da4840, 0x0000027801da4a20]
Event: 782.862 Thread 0x000002787534c450 12905       3       org.eclipse.core.resources.ProjectScope::getNode (59 bytes)
Event: 782.863 Thread 0x000002787534c450 nmethod 12905 0x0000027801da4b10 code [0x0000027801da4d80, 0x0000027801da5868]
Event: 782.866 Thread 0x000002787534c450 12906       3       org.eclipse.jface.text.CopyOnWriteTextStore::getLength (10 bytes)
Event: 782.867 Thread 0x000002787534c450 nmethod 12906 0x0000027801da5d10 code [0x0000027801da5ec0, 0x0000027801da6098]
Event: 782.867 Thread 0x000002787534c450 12907       3       java.util.Optional::get (22 bytes)
Event: 782.868 Thread 0x000002787534c450 nmethod 12907 0x0000027801da6190 code [0x0000027801da6340, 0x0000027801da6560]
Event: 782.869 Thread 0x000002787534c450 12908       3       org.eclipse.jdt.ls.core.internal.corrections.InnovationContext::getCoveringNode (38 bytes)
Event: 782.870 Thread 0x000002787534c450 nmethod 12908 0x0000027801da6690 code [0x0000027801da6860, 0x0000027801da6ba0]

GC Heap History (20 events):
Event: 728.539 GC heap before
{Heap before GC invocations=56 (full 3):
 PSYoungGen      total 18432K, used 18402K [0x00000000d5580000, 0x00000000d7880000, 0x0000000100000000)
  eden space 16384K, 100% used [0x00000000d5580000,0x00000000d6580000,0x00000000d6580000)
  from space 2048K, 98% used [0x00000000d7580000,0x00000000d7778b20,0x00000000d7780000)
  to   space 9728K, 0% used [0x00000000d6580000,0x00000000d6580000,0x00000000d6f00000)
 ParOldGen       total 148992K, used 148561K [0x0000000080000000, 0x0000000089180000, 0x00000000d5580000)
  object space 148992K, 99% used [0x0000000080000000,0x0000000089114478,0x0000000089180000)
 Metaspace       used 73348K, committed 74688K, reserved 1179648K
  class space    used 7736K, committed 8256K, reserved 1048576K
}
Event: 728.571 GC heap after
{Heap after GC invocations=56 (full 3):
 PSYoungGen      total 26112K, used 3984K [0x00000000d5580000, 0x00000000d7600000, 0x0000000100000000)
  eden space 16384K, 0% used [0x00000000d5580000,0x00000000d5580000,0x00000000d6580000)
  from space 9728K, 40% used [0x00000000d6580000,0x00000000d6964060,0x00000000d6f00000)
  to   space 5632K, 0% used [0x00000000d7080000,0x00000000d7080000,0x00000000d7600000)
 ParOldGen       total 149504K, used 149073K [0x0000000080000000, 0x0000000089200000, 0x00000000d5580000)
  object space 149504K, 99% used [0x0000000080000000,0x0000000089194498,0x0000000089200000)
 Metaspace       used 73348K, committed 74688K, reserved 1179648K
  class space    used 7736K, committed 8256K, reserved 1048576K
}
Event: 730.843 GC heap before
{Heap before GC invocations=57 (full 3):
 PSYoungGen      total 26112K, used 20368K [0x00000000d5580000, 0x00000000d7600000, 0x0000000100000000)
  eden space 16384K, 100% used [0x00000000d5580000,0x00000000d6580000,0x00000000d6580000)
  from space 9728K, 40% used [0x00000000d6580000,0x00000000d6964060,0x00000000d6f00000)
  to   space 5632K, 0% used [0x00000000d7080000,0x00000000d7080000,0x00000000d7600000)
 ParOldGen       total 149504K, used 149073K [0x0000000080000000, 0x0000000089200000, 0x00000000d5580000)
  object space 149504K, 99% used [0x0000000080000000,0x0000000089194498,0x0000000089200000)
 Metaspace       used 73755K, committed 75200K, reserved 1179648K
  class space    used 7750K, committed 8320K, reserved 1048576K
}
Event: 730.850 GC heap after
{Heap after GC invocations=57 (full 3):
 PSYoungGen      total 16896K, used 336K [0x00000000d5580000, 0x00000000d7100000, 0x0000000100000000)
  eden space 16384K, 0% used [0x00000000d5580000,0x00000000d5580000,0x00000000d6580000)
  from space 512K, 65% used [0x00000000d7080000,0x00000000d70d4030,0x00000000d7100000)
  to   space 2048K, 0% used [0x00000000d6d00000,0x00000000d6d00000,0x00000000d6f00000)
 ParOldGen       total 153088K, used 152830K [0x0000000080000000, 0x0000000089580000, 0x00000000d5580000)
  object space 153088K, 99% used [0x0000000080000000,0x000000008953f968,0x0000000089580000)
 Metaspace       used 73755K, committed 75200K, reserved 1179648K
  class space    used 7750K, committed 8320K, reserved 1048576K
}
Event: 732.686 GC heap before
{Heap before GC invocations=58 (full 3):
 PSYoungGen      total 16896K, used 16720K [0x00000000d5580000, 0x00000000d7100000, 0x0000000100000000)
  eden space 16384K, 99% used [0x00000000d5580000,0x00000000d657fff8,0x00000000d6580000)
  from space 512K, 65% used [0x00000000d7080000,0x00000000d70d4030,0x00000000d7100000)
  to   space 2048K, 0% used [0x00000000d6d00000,0x00000000d6d00000,0x00000000d6f00000)
 ParOldGen       total 153088K, used 152830K [0x0000000080000000, 0x0000000089580000, 0x00000000d5580000)
  object space 153088K, 99% used [0x0000000080000000,0x000000008953f968,0x0000000089580000)
 Metaspace       used 74015K, committed 75456K, reserved 1179648K
  class space    used 7751K, committed 8320K, reserved 1048576K
}
Event: 732.691 GC heap after
{Heap after GC invocations=58 (full 3):
 PSYoungGen      total 18432K, used 384K [0x00000000d5580000, 0x00000000d7100000, 0x0000000100000000)
  eden space 16384K, 0% used [0x00000000d5580000,0x00000000d5580000,0x00000000d6580000)
  from space 2048K, 18% used [0x00000000d6d00000,0x00000000d6d60020,0x00000000d6f00000)
  to   space 1024K, 0% used [0x00000000d7000000,0x00000000d7000000,0x00000000d7100000)
 ParOldGen       total 153088K, used 153086K [0x0000000080000000, 0x0000000089580000, 0x00000000d5580000)
  object space 153088K, 99% used [0x0000000080000000,0x000000008957f9a8,0x0000000089580000)
 Metaspace       used 74015K, committed 75456K, reserved 1179648K
  class space    used 7751K, committed 8320K, reserved 1048576K
}
Event: 735.721 GC heap before
{Heap before GC invocations=59 (full 3):
 PSYoungGen      total 18432K, used 16768K [0x00000000d5580000, 0x00000000d7100000, 0x0000000100000000)
  eden space 16384K, 100% used [0x00000000d5580000,0x00000000d6580000,0x00000000d6580000)
  from space 2048K, 18% used [0x00000000d6d00000,0x00000000d6d60020,0x00000000d6f00000)
  to   space 1024K, 0% used [0x00000000d7000000,0x00000000d7000000,0x00000000d7100000)
 ParOldGen       total 153088K, used 153086K [0x0000000080000000, 0x0000000089580000, 0x00000000d5580000)
  object space 153088K, 99% used [0x0000000080000000,0x000000008957f9a8,0x0000000089580000)
 Metaspace       used 74229K, committed 75648K, reserved 1179648K
  class space    used 7751K, committed 8320K, reserved 1048576K
}
Event: 735.723 GC heap after
{Heap after GC invocations=59 (full 3):
 PSYoungGen      total 16896K, used 96K [0x00000000d5580000, 0x00000000d7080000, 0x0000000100000000)
  eden space 16384K, 0% used [0x00000000d5580000,0x00000000d5580000,0x00000000d6580000)
  from space 512K, 18% used [0x00000000d7000000,0x00000000d7018000,0x00000000d7080000)
  to   space 512K, 0% used [0x00000000d6f80000,0x00000000d6f80000,0x00000000d7000000)
 ParOldGen       total 153600K, used 153174K [0x0000000080000000, 0x0000000089600000, 0x00000000d5580000)
  object space 153600K, 99% used [0x0000000080000000,0x00000000895959c8,0x0000000089600000)
 Metaspace       used 74229K, committed 75648K, reserved 1179648K
  class space    used 7751K, committed 8320K, reserved 1048576K
}
Event: 740.312 GC heap before
{Heap before GC invocations=60 (full 3):
 PSYoungGen      total 16896K, used 16480K [0x00000000d5580000, 0x00000000d7080000, 0x0000000100000000)
  eden space 16384K, 100% used [0x00000000d5580000,0x00000000d6580000,0x00000000d6580000)
  from space 512K, 18% used [0x00000000d7000000,0x00000000d7018000,0x00000000d7080000)
  to   space 512K, 0% used [0x00000000d6f80000,0x00000000d6f80000,0x00000000d7000000)
 ParOldGen       total 153600K, used 153174K [0x0000000080000000, 0x0000000089600000, 0x00000000d5580000)
  object space 153600K, 99% used [0x0000000080000000,0x00000000895959c8,0x0000000089600000)
 Metaspace       used 74347K, committed 75776K, reserved 1179648K
  class space    used 7757K, committed 8320K, reserved 1048576K
}
Event: 740.319 GC heap after
{Heap after GC invocations=60 (full 3):
 PSYoungGen      total 16896K, used 512K [0x00000000d5580000, 0x00000000d7080000, 0x0000000100000000)
  eden space 16384K, 0% used [0x00000000d5580000,0x00000000d5580000,0x00000000d6580000)
  from space 512K, 100% used [0x00000000d6f80000,0x00000000d7000000,0x00000000d7000000)
  to   space 512K, 0% used [0x00000000d7000000,0x00000000d7000000,0x00000000d7080000)
 ParOldGen       total 153600K, used 153513K [0x0000000080000000, 0x0000000089600000, 0x00000000d5580000)
  object space 153600K, 99% used [0x0000000080000000,0x00000000895ea610,0x0000000089600000)
 Metaspace       used 74347K, committed 75776K, reserved 1179648K
  class space    used 7757K, committed 8320K, reserved 1048576K
}
Event: 750.823 GC heap before
{Heap before GC invocations=61 (full 3):
 PSYoungGen      total 16896K, used 16895K [0x00000000d5580000, 0x00000000d7080000, 0x0000000100000000)
  eden space 16384K, 99% used [0x00000000d5580000,0x00000000d657fff8,0x00000000d6580000)
  from space 512K, 100% used [0x00000000d6f80000,0x00000000d7000000,0x00000000d7000000)
  to   space 512K, 0% used [0x00000000d7000000,0x00000000d7000000,0x00000000d7080000)
 ParOldGen       total 153600K, used 153513K [0x0000000080000000, 0x0000000089600000, 0x00000000d5580000)
  object space 153600K, 99% used [0x0000000080000000,0x00000000895ea610,0x0000000089600000)
 Metaspace       used 74516K, committed 75904K, reserved 1179648K
  class space    used 7759K, committed 8320K, reserved 1048576K
}
Event: 750.830 GC heap after
{Heap after GC invocations=61 (full 3):
 PSYoungGen      total 16896K, used 496K [0x00000000d5580000, 0x00000000d7080000, 0x0000000100000000)
  eden space 16384K, 0% used [0x00000000d5580000,0x00000000d5580000,0x00000000d6580000)
  from space 512K, 96% used [0x00000000d7000000,0x00000000d707c050,0x00000000d7080000)
  to   space 2560K, 0% used [0x00000000d6b80000,0x00000000d6b80000,0x00000000d6e00000)
 ParOldGen       total 155136K, used 154977K [0x0000000080000000, 0x0000000089780000, 0x00000000d5580000)
  object space 155136K, 99% used [0x0000000080000000,0x0000000089758528,0x0000000089780000)
 Metaspace       used 74516K, committed 75904K, reserved 1179648K
  class space    used 7759K, committed 8320K, reserved 1048576K
}
Event: 753.757 GC heap before
{Heap before GC invocations=62 (full 3):
 PSYoungGen      total 16896K, used 16863K [0x00000000d5580000, 0x00000000d7080000, 0x0000000100000000)
  eden space 16384K, 99% used [0x00000000d5580000,0x00000000d657bdc0,0x00000000d6580000)
  from space 512K, 96% used [0x00000000d7000000,0x00000000d707c050,0x00000000d7080000)
  to   space 2560K, 0% used [0x00000000d6b80000,0x00000000d6b80000,0x00000000d6e00000)
 ParOldGen       total 155136K, used 154977K [0x0000000080000000, 0x0000000089780000, 0x00000000d5580000)
  object space 155136K, 99% used [0x0000000080000000,0x0000000089758528,0x0000000089780000)
 Metaspace       used 74660K, committed 76032K, reserved 1179648K
  class space    used 7773K, committed 8320K, reserved 1048576K
}
Event: 753.786 GC heap after
{Heap after GC invocations=62 (full 3):
 PSYoungGen      total 18944K, used 2538K [0x00000000d5580000, 0x00000000d7080000, 0x0000000100000000)
  eden space 16384K, 0% used [0x00000000d5580000,0x00000000d5580000,0x00000000d6580000)
  from space 2560K, 99% used [0x00000000d6b80000,0x00000000d6dfab00,0x00000000d6e00000)
  to   space 2560K, 0% used [0x00000000d6e00000,0x00000000d6e00000,0x00000000d7080000)
 ParOldGen       total 156672K, used 156498K [0x0000000080000000, 0x0000000089900000, 0x00000000d5580000)
  object space 156672K, 99% used [0x0000000080000000,0x00000000898d4bd0,0x0000000089900000)
 Metaspace       used 74660K, committed 76032K, reserved 1179648K
  class space    used 7773K, committed 8320K, reserved 1048576K
}
Event: 754.129 GC heap before
{Heap before GC invocations=63 (full 3):
 PSYoungGen      total 18944K, used 18922K [0x00000000d5580000, 0x00000000d7080000, 0x0000000100000000)
  eden space 16384K, 100% used [0x00000000d5580000,0x00000000d6580000,0x00000000d6580000)
  from space 2560K, 99% used [0x00000000d6b80000,0x00000000d6dfab00,0x00000000d6e00000)
  to   space 2560K, 0% used [0x00000000d6e00000,0x00000000d6e00000,0x00000000d7080000)
 ParOldGen       total 156672K, used 156498K [0x0000000080000000, 0x0000000089900000, 0x00000000d5580000)
  object space 156672K, 99% used [0x0000000080000000,0x00000000898d4bd0,0x0000000089900000)
 Metaspace       used 74936K, committed 76288K, reserved 1179648K
  class space    used 7817K, committed 8384K, reserved 1048576K
}
Event: 754.138 GC heap after
{Heap after GC invocations=63 (full 3):
 PSYoungGen      total 17920K, used 1072K [0x00000000d5580000, 0x00000000d6f80000, 0x0000000100000000)
  eden space 16384K, 0% used [0x00000000d5580000,0x00000000d5580000,0x00000000d6580000)
  from space 1536K, 69% used [0x00000000d6e00000,0x00000000d6f0c0e0,0x00000000d6f80000)
  to   space 2560K, 0% used [0x00000000d6a80000,0x00000000d6a80000,0x00000000d6d00000)
 ParOldGen       total 159232K, used 158949K [0x0000000080000000, 0x0000000089b80000, 0x00000000d5580000)
  object space 159232K, 99% used [0x0000000080000000,0x0000000089b394d0,0x0000000089b80000)
 Metaspace       used 74936K, committed 76288K, reserved 1179648K
  class space    used 7817K, committed 8384K, reserved 1048576K
}
Event: 754.304 GC heap before
{Heap before GC invocations=64 (full 3):
 PSYoungGen      total 17920K, used 17056K [0x00000000d5580000, 0x00000000d6f80000, 0x0000000100000000)
  eden space 16384K, 97% used [0x00000000d5580000,0x00000000d651bfb8,0x00000000d6580000)
  from space 1536K, 69% used [0x00000000d6e00000,0x00000000d6f0c0e0,0x00000000d6f80000)
  to   space 2560K, 0% used [0x00000000d6a80000,0x00000000d6a80000,0x00000000d6d00000)
 ParOldGen       total 159232K, used 158949K [0x0000000080000000, 0x0000000089b80000, 0x00000000d5580000)
  object space 159232K, 99% used [0x0000000080000000,0x0000000089b394d0,0x0000000089b80000)
 Metaspace       used 74965K, committed 76352K, reserved 1179648K
  class space    used 7817K, committed 8384K, reserved 1048576K
}
Event: 754.309 GC heap after
{Heap after GC invocations=64 (full 3):
 PSYoungGen      total 18944K, used 96K [0x00000000d5580000, 0x00000000d6e80000, 0x0000000100000000)
  eden space 16384K, 0% used [0x00000000d5580000,0x00000000d5580000,0x00000000d6580000)
  from space 2560K, 3% used [0x00000000d6a80000,0x00000000d6a98000,0x00000000d6d00000)
  to   space 1024K, 0% used [0x00000000d6d80000,0x00000000d6d80000,0x00000000d6e80000)
 ParOldGen       total 160256K, used 159882K [0x0000000080000000, 0x0000000089c80000, 0x00000000d5580000)
  object space 160256K, 99% used [0x0000000080000000,0x0000000089c22af0,0x0000000089c80000)
 Metaspace       used 74965K, committed 76352K, reserved 1179648K
  class space    used 7817K, committed 8384K, reserved 1048576K
}
Event: 764.090 GC heap before
{Heap before GC invocations=65 (full 3):
 PSYoungGen      total 18944K, used 16403K [0x00000000d5580000, 0x00000000d6e80000, 0x0000000100000000)
  eden space 16384K, 99% used [0x00000000d5580000,0x00000000d656cfa0,0x00000000d6580000)
  from space 2560K, 3% used [0x00000000d6a80000,0x00000000d6a98000,0x00000000d6d00000)
  to   space 1024K, 0% used [0x00000000d6d80000,0x00000000d6d80000,0x00000000d6e80000)
 ParOldGen       total 160256K, used 159882K [0x0000000080000000, 0x0000000089c80000, 0x00000000d5580000)
  object space 160256K, 99% used [0x0000000080000000,0x0000000089c22af0,0x0000000089c80000)
 Metaspace       used 75836K, committed 77312K, reserved 1179648K
  class space    used 7937K, committed 8512K, reserved 1048576K
}
Event: 764.102 GC heap after
{Heap after GC invocations=65 (full 3):
 PSYoungGen      total 17408K, used 1011K [0x00000000d5580000, 0x00000000d7480000, 0x0000000100000000)
  eden space 16384K, 0% used [0x00000000d5580000,0x00000000d5580000,0x00000000d6580000)
  from space 1024K, 98% used [0x00000000d6d80000,0x00000000d6e7cf08,0x00000000d6e80000)
  to   space 7680K, 0% used [0x00000000d6580000,0x00000000d6580000,0x00000000d6d00000)
 ParOldGen       total 165376K, used 165068K [0x0000000080000000, 0x000000008a180000, 0x00000000d5580000)
  object space 165376K, 99% used [0x0000000080000000,0x000000008a133260,0x000000008a180000)
 Metaspace       used 75836K, committed 77312K, reserved 1179648K
  class space    used 7937K, committed 8512K, reserved 1048576K
}

Dll operation events (12 events):
Event: 0.018 Loaded shared library c:\Users\LENOVO\.vscode\extensions\redhat.java-1.50.0-win32-x64\jre\21.0.9-win32-x86_64\bin\java.dll
Event: 3.536 Loaded shared library c:\Users\LENOVO\.vscode\extensions\redhat.java-1.50.0-win32-x64\jre\21.0.9-win32-x86_64\bin\zip.dll
Event: 4.345 Loaded shared library C:\Users\LENOVO\.vscode\extensions\redhat.java-1.50.0-win32-x64\jre\21.0.9-win32-x86_64\bin\instrument.dll
Event: 4.366 Loaded shared library C:\Users\LENOVO\.vscode\extensions\redhat.java-1.50.0-win32-x64\jre\21.0.9-win32-x86_64\bin\net.dll
Event: 4.383 Loaded shared library C:\Users\LENOVO\.vscode\extensions\redhat.java-1.50.0-win32-x64\jre\21.0.9-win32-x86_64\bin\nio.dll
Event: 4.435 Loaded shared library C:\Users\LENOVO\.vscode\extensions\redhat.java-1.50.0-win32-x64\jre\21.0.9-win32-x86_64\bin\zip.dll
Event: 4.967 Loaded shared library C:\Users\LENOVO\.vscode\extensions\redhat.java-1.50.0-win32-x64\jre\21.0.9-win32-x86_64\bin\jimage.dll
Event: 7.233 Loaded shared library c:\Users\LENOVO\.vscode\extensions\redhat.java-1.50.0-win32-x64\jre\21.0.9-win32-x86_64\bin\verify.dll
Event: 48.010 Loaded shared library C:\Users\LENOVO\AppData\Roaming\Code\User\globalStorage\redhat.java\1.50.0\config_win\org.eclipse.equinox.launcher\org.eclipse.equinox.launcher.win32.win32.x86_64_1.2.1400.v20250801-0854\eclipse_11916.dll
Event: 171.976 Loaded shared library C:\Users\LENOVO\AppData\Local\Temp\jna--2053026509\jna7472097081795474421.dll
Event: 196.446 Loaded shared library C:\Users\LENOVO\.vscode\extensions\redhat.java-1.50.0-win32-x64\jre\21.0.9-win32-x86_64\bin\sunmscapi.dll
Event: 198.967 Loaded shared library C:\Users\LENOVO\.vscode\extensions\redhat.java-1.50.0-win32-x64\jre\21.0.9-win32-x86_64\bin\extnet.dll

Deoptimization events (20 events):
Event: 764.394 Thread 0x000002787d77f0e0 DEOPT PACKING pc=0x0000027808201edc sp=0x000000c516efeb10
Event: 764.394 Thread 0x000002787d77f0e0 DEOPT UNPACKING pc=0x0000027807583aa2 sp=0x000000c516efea00 mode 2
Event: 764.394 Thread 0x000002787d77f0e0 Uncommon trap: trap_request=0xffffff45 fr.pc=0x00000278081ffed4 relative=0x00000000000002b4
Event: 764.394 Thread 0x000002787d77f0e0 Uncommon trap: reason=unstable_if action=reinterpret pc=0x00000278081ffed4 method=org.eclipse.jdt.internal.core.index.DiskIndex.writeStreamChars(Ljava/io/OutputStream;[CII)V @ 24 c2
Event: 764.394 Thread 0x000002787d77f0e0 DEOPT PACKING pc=0x00000278081ffed4 sp=0x000000c516efea60
Event: 764.394 Thread 0x000002787d77f0e0 DEOPT UNPACKING pc=0x0000027807583aa2 sp=0x000000c516efea00 mode 2
Event: 776.604 Thread 0x000002787d704f40 DEOPT PACKING pc=0x0000027801ca1cbb sp=0x000000c516afe220
Event: 776.604 Thread 0x000002787d704f40 DEOPT UNPACKING pc=0x0000027807584242 sp=0x000000c516afd758 mode 0
Event: 779.487 Thread 0x000002787d7027e0 Uncommon trap: trap_request=0xffffff45 fr.pc=0x0000027808280ab8 relative=0x0000000000000098
Event: 779.487 Thread 0x000002787d7027e0 Uncommon trap: reason=unstable_if action=reinterpret pc=0x0000027808280ab8 method=java.util.LinkedHashMap.afterNodeInsertion(Z)V @ 18 c2
Event: 779.487 Thread 0x000002787d7027e0 DEOPT PACKING pc=0x0000027808280ab8 sp=0x000000c516afed60
Event: 779.487 Thread 0x000002787d7027e0 DEOPT UNPACKING pc=0x0000027807583aa2 sp=0x000000c516afece0 mode 2
Event: 779.487 Thread 0x000002787d7027e0 Uncommon trap: trap_request=0xffffffc6 fr.pc=0x0000027807df539c relative=0x000000000000049c
Event: 779.487 Thread 0x000002787d7027e0 Uncommon trap: reason=bimorphic_or_optimized_type_check action=maybe_recompile pc=0x0000027807df539c method=java.util.HashMap.removeNode(ILjava/lang/Object;Ljava/lang/Object;ZZ)Ljava/util/HashMap$Node; @ 283 c2
Event: 779.487 Thread 0x000002787d7027e0 DEOPT PACKING pc=0x0000027807df539c sp=0x000000c516afec60
Event: 779.487 Thread 0x000002787d7027e0 DEOPT UNPACKING pc=0x0000027807583aa2 sp=0x000000c516afec08 mode 2
Event: 782.870 Thread 0x000002787d7027e0 Uncommon trap: trap_request=0xffffffc6 fr.pc=0x0000027807df539c relative=0x000000000000049c
Event: 782.870 Thread 0x000002787d7027e0 Uncommon trap: reason=bimorphic_or_optimized_type_check action=maybe_recompile pc=0x0000027807df539c method=java.util.HashMap.removeNode(ILjava/lang/Object;Ljava/lang/Object;ZZ)Ljava/util/HashMap$Node; @ 283 c2
Event: 782.870 Thread 0x000002787d7027e0 DEOPT PACKING pc=0x0000027807df539c sp=0x000000c516aff040
Event: 782.870 Thread 0x000002787d7027e0 DEOPT UNPACKING pc=0x0000027807583aa2 sp=0x000000c516afefe8 mode 2

Classes loaded (20 events):
Event: 703.664 Loading class sun/nio/fs/WindowsFileCopy
Event: 704.602 Loading class sun/nio/fs/WindowsFileCopy done
Event: 725.152 Loading class java/util/stream/ReduceOps$5
Event: 725.155 Loading class java/util/stream/ReduceOps$5 done
Event: 725.155 Loading class java/util/stream/ReduceOps$CountingSink$OfRef
Event: 725.156 Loading class java/util/stream/ReduceOps$CountingSink
Event: 725.156 Loading class java/util/stream/ReduceOps$CountingSink done
Event: 725.156 Loading class java/util/stream/ReduceOps$CountingSink$OfRef done
Event: 725.355 Loading class sun/nio/ch/ChannelOutputStream
Event: 725.356 Loading class sun/nio/ch/ChannelOutputStream done
Event: 728.369 Loading class java/util/ArrayDeque$DeqSpliterator
Event: 728.370 Loading class java/util/ArrayDeque$DeqSpliterator done
Event: 728.700 Loading class java/util/ImmutableCollections$SubList
Event: 728.701 Loading class java/util/ImmutableCollections$SubList done
Event: 737.809 Loading class java/util/concurrent/ConcurrentHashMap$KeySpliterator
Event: 737.814 Loading class java/util/concurrent/ConcurrentHashMap$KeySpliterator done
Event: 754.410 Loading class java/io/CharArrayReader
Event: 754.413 Loading class java/io/CharArrayReader done
Event: 754.414 Loading class java/util/regex/Pattern$Bound
Event: 754.416 Loading class java/util/regex/Pattern$Bound done

Classes unloaded (7 events):
Event: 178.997 Thread 0x00000278754dbb10 Unloading class 0x00000278101b1400 'java/lang/invoke/LambdaForm$MH+0x00000278101b1400'
Event: 178.997 Thread 0x00000278754dbb10 Unloading class 0x00000278101b1000 'java/lang/invoke/LambdaForm$MH+0x00000278101b1000'
Event: 178.997 Thread 0x00000278754dbb10 Unloading class 0x00000278101b0c00 'java/lang/invoke/LambdaForm$MH+0x00000278101b0c00'
Event: 178.997 Thread 0x00000278754dbb10 Unloading class 0x00000278101b0800 'java/lang/invoke/LambdaForm$MH+0x00000278101b0800'
Event: 178.997 Thread 0x00000278754dbb10 Unloading class 0x00000278101b0400 'java/lang/invoke/LambdaForm$BMH+0x00000278101b0400'
Event: 178.997 Thread 0x00000278754dbb10 Unloading class 0x00000278101b0000 'java/lang/invoke/LambdaForm$DMH+0x00000278101b0000'
Event: 178.997 Thread 0x00000278754dbb10 Unloading class 0x00000278101aec00 'java/lang/invoke/LambdaForm$DMH+0x00000278101aec00'

Classes redefined (0 events):
No events

Internal exceptions (20 events):
Event: 737.402 Thread 0x000002787d702e70 Exception <a 'sun/nio/fs/WindowsException'{0x00000000d5d43610}> (0x00000000d5d43610) 
thrown [s\src\hotspot\share\prims\jni.cpp, line 520]
Event: 737.403 Thread 0x000002787d702e70 Exception <a 'sun/nio/fs/WindowsException'{0x00000000d5d44738}> (0x00000000d5d44738) 
thrown [s\src\hotspot\share\prims\jni.cpp, line 520]
Event: 737.687 Thread 0x000002787d702e70 Exception <a 'sun/nio/fs/WindowsException'{0x00000000d5d53430}> (0x00000000d5d53430) 
thrown [s\src\hotspot\share\prims\jni.cpp, line 520]
Event: 737.694 Thread 0x000002787d702e70 Exception <a 'sun/nio/fs/WindowsException'{0x00000000d5d62f90}> (0x00000000d5d62f90) 
thrown [s\src\hotspot\share\prims\jni.cpp, line 520]
Event: 737.704 Thread 0x000002787d702e70 Exception <a 'sun/nio/fs/WindowsException'{0x00000000d5d74d60}> (0x00000000d5d74d60) 
thrown [s\src\hotspot\share\prims\jni.cpp, line 520]
Event: 737.718 Thread 0x000002787d702e70 Exception <a 'sun/nio/fs/WindowsException'{0x00000000d5d845e8}> (0x00000000d5d845e8) 
thrown [s\src\hotspot\share\prims\jni.cpp, line 520]
Event: 737.832 Thread 0x000002787d702e70 Exception <a 'java/lang/NoSuchMethodError'{0x00000000d5e73b18}: 'java.lang.Object java.lang.invoke.DirectMethodHandle$Holder.newInvokeSpecial(java.lang.Object, java.lang.Object, int, int, java.lang.Object)'> (0x00000000d5e73b18) 
thrown [s\src\hotspot\share\interpreter\linkResolver.cpp, line 773]
Event: 737.913 Thread 0x000002787d702e70 Exception <a 'sun/nio/fs/WindowsException'{0x00000000d602deb8}> (0x00000000d602deb8) 
thrown [s\src\hotspot\share\prims\jni.cpp, line 520]
Event: 737.913 Thread 0x000002787d702e70 Exception <a 'sun/nio/fs/WindowsException'{0x00000000d602e468}> (0x00000000d602e468) 
thrown [s\src\hotspot\share\prims\jni.cpp, line 520]
Event: 753.424 Thread 0x000002787d7027e0 Implicit null exception at 0x00000278083698b3 to 0x0000027808369ce8
Event: 753.609 Thread 0x000002787d7027e0 Implicit null exception at 0x00000278080d509e to 0x00000278080d5328
Event: 754.553 Thread 0x000002787d7027e0 Exception <a 'java/lang/ClassNotFoundException'{0x00000000d5c7df60}: sun/net/www/protocol/jdt/Handler> (0x00000000d5c7df60) 
thrown [s\src\hotspot\share\classfile\systemDictionary.cpp, line 312]
Event: 754.553 Thread 0x000002787d7027e0 Exception <a 'java/lang/ClassNotFoundException'{0x00000000d5c803e8}: sun/net/www/protocol/jdt/Handler> (0x00000000d5c803e8) 
thrown [s\src\hotspot\share\classfile\systemDictionary.cpp, line 312]
Event: 754.554 Thread 0x000002787d7027e0 Exception <a 'java/lang/ClassNotFoundException'{0x00000000d5c82818}: sun/net/www/protocol/jdt/Handler> (0x00000000d5c82818) 
thrown [s\src\hotspot\share\classfile\systemDictionary.cpp, line 312]
Event: 754.554 Thread 0x000002787d7027e0 Exception <a 'java/lang/ClassNotFoundException'{0x00000000d5c85ef0}: sun/net/www/protocol/jdt/Handler> (0x00000000d5c85ef0) 
thrown [s\src\hotspot\share\classfile\systemDictionary.cpp, line 312]
Event: 754.554 Thread 0x000002787d7027e0 Exception <a 'java/lang/ClassNotFoundException'{0x00000000d5c88770}: sun/net/www/protocol/jdt/Handler> (0x00000000d5c88770) 
thrown [s\src\hotspot\share\classfile\systemDictionary.cpp, line 312]
Event: 754.554 Thread 0x000002787d7027e0 Exception <a 'java/lang/ClassNotFoundException'{0x00000000d5c8adf0}: sun/net/www/protocol/jdt/Handler> (0x00000000d5c8adf0) 
thrown [s\src\hotspot\share\classfile\systemDictionary.cpp, line 312]
Event: 763.848 Thread 0x000002787d77f0e0 Exception <a 'sun/nio/fs/WindowsException'{0x00000000d5f2b318}> (0x00000000d5f2b318) 
thrown [s\src\hotspot\share\prims\jni.cpp, line 520]
Event: 764.282 Thread 0x000002787d77f0e0 Exception <a 'sun/nio/fs/WindowsException'{0x00000000d5ac2420}> (0x00000000d5ac2420) 
thrown [s\src\hotspot\share\prims\jni.cpp, line 520]
Event: 764.473 Thread 0x000002787d77f0e0 Exception <a 'sun/nio/fs/WindowsException'{0x00000000d5bb8e40}> (0x00000000d5bb8e40) 
thrown [s\src\hotspot\share\prims\jni.cpp, line 520]

ZGC Phase Switch (0 events):
No events

VM Operations (20 events):
Event: 759.603 Executing VM operation: Cleanup
Event: 759.603 Executing VM operation: Cleanup done
Event: 761.622 Executing VM operation: Cleanup
Event: 761.622 Executing VM operation: Cleanup done
Event: 764.090 Executing VM operation: ParallelGCFailedAllocation (Allocation Failure)
Event: 764.102 Executing VM operation: ParallelGCFailedAllocation (Allocation Failure) done
Event: 765.117 Executing VM operation: Cleanup
Event: 765.117 Executing VM operation: Cleanup done
Event: 772.164 Executing VM operation: Cleanup
Event: 772.164 Executing VM operation: Cleanup done
Event: 777.213 Executing VM operation: Cleanup
Event: 777.213 Executing VM operation: Cleanup done
Event: 780.231 Executing VM operation: Cleanup
Event: 780.231 Executing VM operation: Cleanup done
Event: 781.833 Executing VM operation: HandshakeAllThreads (HandshakeForDeflation)
Event: 781.833 Executing VM operation: HandshakeAllThreads (HandshakeForDeflation) done
Event: 781.833 Executing VM operation: RendezvousGCThreads
Event: 781.833 Executing VM operation: RendezvousGCThreads done
Event: 783.844 Executing VM operation: Cleanup
Event: 783.844 Executing VM operation: Cleanup done

Memory protections (0 events):
No events

Nmethod flushes (20 events):
Event: 217.763 Thread 0x00000278754dbb10 flushing  nmethod 0x000002780096e390
Event: 217.763 Thread 0x00000278754dbb10 flushing  nmethod 0x0000027800973110
Event: 217.763 Thread 0x00000278754dbb10 flushing  nmethod 0x0000027800975510
Event: 217.763 Thread 0x00000278754dbb10 flushing  nmethod 0x00000278009ac790
Event: 217.763 Thread 0x00000278754dbb10 flushing  nmethod 0x00000278009adc90
Event: 217.763 Thread 0x00000278754dbb10 flushing  nmethod 0x00000278009b8810
Event: 217.763 Thread 0x00000278754dbb10 flushing  nmethod 0x00000278009bb310
Event: 217.763 Thread 0x00000278754dbb10 flushing  nmethod 0x00000278009ce910
Event: 217.763 Thread 0x00000278754dbb10 flushing  nmethod 0x00000278009dee10
Event: 217.763 Thread 0x00000278754dbb10 flushing  nmethod 0x00000278009e0690
Event: 217.763 Thread 0x00000278754dbb10 flushing  nmethod 0x00000278009f3690
Event: 217.763 Thread 0x00000278754dbb10 flushing  nmethod 0x0000027800a0b010
Event: 217.763 Thread 0x00000278754dbb10 flushing  nmethod 0x0000027800a16290
Event: 217.763 Thread 0x00000278754dbb10 flushing  nmethod 0x0000027800a3e190
Event: 217.763 Thread 0x00000278754dbb10 flushing  nmethod 0x0000027800a4cc10
Event: 217.763 Thread 0x00000278754dbb10 flushing  nmethod 0x0000027800a7be10
Event: 217.763 Thread 0x00000278754dbb10 flushing  nmethod 0x0000027800a7d490
Event: 217.763 Thread 0x00000278754dbb10 flushing  nmethod 0x0000027800a7da90
Event: 217.763 Thread 0x00000278754dbb10 flushing  nmethod 0x0000027800a7e710
Event: 217.763 Thread 0x00000278754dbb10 flushing  nmethod 0x0000027800a81990

Events (20 events):
Event: 759.499 Thread 0x000002787d7027e0 Thread exited: 0x000002787d7027e0
Event: 760.200 Thread 0x000002787e8a2ca0 Thread added: 0x000002787d7027e0
Event: 760.744 Thread 0x000002787e8a2ca0 Thread added: 0x000002787d706980
Event: 760.774 Thread 0x000002787d7027e0 Thread exited: 0x000002787d7027e0
Event: 760.828 Thread 0x000002787d706980 Thread exited: 0x000002787d706980
Event: 771.775 Thread 0x000002787e8a2ca0 Thread added: 0x000002787d7027e0
Event: 771.827 Thread 0x000002787d7027e0 Thread exited: 0x000002787d7027e0
Event: 775.886 Thread 0x000002787d704f40 Thread exited: 0x000002787d704f40
Event: 776.587 Thread 0x000002787e8a2ca0 Thread added: 0x000002787d704f40
Event: 776.815 Thread 0x000002787d704f40 Thread exited: 0x000002787d704f40
Event: 776.899 Thread 0x000002787e8a2ca0 Thread added: 0x000002787d704f40
Event: 776.972 Thread 0x000002787e8a2ca0 Thread added: 0x000002787d7027e0
Event: 777.000 Thread 0x000002787d704f40 Thread exited: 0x000002787d704f40
Event: 777.044 Thread 0x000002787d7027e0 Thread exited: 0x000002787d7027e0
Event: 779.450 Thread 0x000002787e8a2ca0 Thread added: 0x000002787d7027e0
Event: 779.490 Thread 0x000002787d7027e0 Thread exited: 0x000002787d7027e0
Event: 782.831 Thread 0x000002787e8a2ca0 Thread added: 0x000002787d7027e0
Event: 782.871 Thread 0x000002787d7027e0 Thread exited: 0x000002787d7027e0
Event: 783.828 Thread 0x000002787e8a2ca0 Thread added: 0x000002787d704f40
Event: 783.836 Thread 0x000002787d704f40 Thread exited: 0x000002787d704f40


Dynamic libraries:
0x00007ff6349d0000 - 0x00007ff6349de000 	c:\Users\LENOVO\.vscode\extensions\redhat.java-1.50.0-win32-x64\jre\21.0.9-win32-x86_64\bin\java.exe
0x00007ffb444e0000 - 0x00007ffb44747000 	C:\WINDOWS\SYSTEM32\ntdll.dll
0x00007ffb42ae0000 - 0x00007ffb42ba9000 	C:\WINDOWS\System32\KERNEL32.DLL
0x00007ffb41ae0000 - 0x00007ffb41ecf000 	C:\WINDOWS\System32\KERNELBASE.dll
0x00007ffb41960000 - 0x00007ffb41aab000 	C:\WINDOWS\System32\ucrtbase.dll
0x00007ffb2e0c0000 - 0x00007ffb2e0d8000 	c:\Users\LENOVO\.vscode\extensions\redhat.java-1.50.0-win32-x64\jre\21.0.9-win32-x86_64\bin\jli.dll
0x00007ffb442d0000 - 0x00007ffb44495000 	C:\WINDOWS\System32\USER32.dll
0x00007ffb41ab0000 - 0x00007ffb41ad7000 	C:\WINDOWS\System32\win32u.dll
0x00007ffb42de0000 - 0x00007ffb42e0b000 	C:\WINDOWS\System32\GDI32.dll
0x00007ffb41630000 - 0x00007ffb4175c000 	C:\WINDOWS\System32\gdi32full.dll
0x00007ffb42060000 - 0x00007ffb42103000 	C:\WINDOWS\System32\msvcp_win.dll
0x00007ffb32e10000 - 0x00007ffb32e2e000 	c:\Users\LENOVO\.vscode\extensions\redhat.java-1.50.0-win32-x64\jre\21.0.9-win32-x86_64\bin\VCRUNTIME140.dll
0x00007ffb31410000 - 0x00007ffb316a3000 	C:\WINDOWS\WinSxS\amd64_microsoft.windows.common-controls_6595b64144ccf1df_6.0.26100.7309_none_3e05feeae336a044\COMCTL32.dll
0x00007ffb422d0000 - 0x00007ffb42379000 	C:\WINDOWS\System32\msvcrt.dll
0x00007ffb42bb0000 - 0x00007ffb42be1000 	C:\WINDOWS\System32\IMM32.DLL
0x00007ffb2fe20000 - 0x00007ffb2fe2c000 	c:\Users\LENOVO\.vscode\extensions\redhat.java-1.50.0-win32-x64\jre\21.0.9-win32-x86_64\bin\vcruntime140_1.dll
0x00007ffb29ff0000 - 0x00007ffb2a07d000 	c:\Users\LENOVO\.vscode\extensions\redhat.java-1.50.0-win32-x64\jre\21.0.9-win32-x86_64\bin\msvcp140.dll
0x00007ffa92320000 - 0x00007ffa930c0000 	c:\Users\LENOVO\.vscode\extensions\redhat.java-1.50.0-win32-x64\jre\21.0.9-win32-x86_64\bin\server\jvm.dll
0x00007ffb43560000 - 0x00007ffb43614000 	C:\WINDOWS\System32\ADVAPI32.dll
0x00007ffb42f30000 - 0x00007ffb42fd6000 	C:\WINDOWS\System32\sechost.dll
0x00007ffb42e10000 - 0x00007ffb42f28000 	C:\WINDOWS\System32\RPCRT4.dll
0x00007ffb43150000 - 0x00007ffb431c4000 	C:\WINDOWS\System32\WS2_32.dll
0x00007ffb41490000 - 0x00007ffb414ee000 	C:\WINDOWS\SYSTEM32\POWRPROF.dll
0x00007ffb386b0000 - 0x00007ffb386e5000 	C:\WINDOWS\SYSTEM32\WINMM.dll
0x00007ffb31e60000 - 0x00007ffb31e6b000 	C:\WINDOWS\SYSTEM32\VERSION.dll
0x00007ffb41470000 - 0x00007ffb41484000 	C:\WINDOWS\SYSTEM32\UMPDC.dll
0x00007ffb403a0000 - 0x00007ffb403bb000 	C:\WINDOWS\SYSTEM32\kernel.appcore.dll
0x00007ffb2e0b0000 - 0x00007ffb2e0ba000 	c:\Users\LENOVO\.vscode\extensions\redhat.java-1.50.0-win32-x64\jre\21.0.9-win32-x86_64\bin\jimage.dll
0x00007ffb3ed80000 - 0x00007ffb3efc2000 	C:\WINDOWS\SYSTEM32\DBGHELP.DLL
0x00007ffb43c40000 - 0x00007ffb43fc5000 	C:\WINDOWS\System32\combase.dll
0x00007ffb431e0000 - 0x00007ffb432b6000 	C:\WINDOWS\System32\OLEAUT32.dll
0x00007ffb272c0000 - 0x00007ffb272fc000 	C:\WINDOWS\SYSTEM32\dbgcore.DLL
0x00007ffb418b0000 - 0x00007ffb41955000 	C:\WINDOWS\System32\bcryptPrimitives.dll
0x00007ffb2e0a0000 - 0x00007ffb2e0af000 	c:\Users\LENOVO\.vscode\extensions\redhat.java-1.50.0-win32-x64\jre\21.0.9-win32-x86_64\bin\instrument.dll
0x00007ffb2e080000 - 0x00007ffb2e0a0000 	c:\Users\LENOVO\.vscode\extensions\redhat.java-1.50.0-win32-x64\jre\21.0.9-win32-x86_64\bin\java.dll
0x00007ffb42380000 - 0x00007ffb42ad3000 	C:\WINDOWS\System32\SHELL32.dll
0x00007ffb42110000 - 0x00007ffb4227a000 	C:\WINDOWS\System32\wintypes.dll
0x00007ffb3f1e0000 - 0x00007ffb3fa3e000 	C:\WINDOWS\SYSTEM32\windows.storage.dll
0x00007ffb43620000 - 0x00007ffb43715000 	C:\WINDOWS\System32\SHCORE.dll
0x00007ffb44050000 - 0x00007ffb440b6000 	C:\WINDOWS\System32\shlwapi.dll
0x00007ffb41550000 - 0x00007ffb41579000 	C:\WINDOWS\SYSTEM32\profapi.dll
0x00007ffb2e060000 - 0x00007ffb2e078000 	c:\Users\LENOVO\.vscode\extensions\redhat.java-1.50.0-win32-x64\jre\21.0.9-win32-x86_64\bin\zip.dll
0x00007ffb2dfd0000 - 0x00007ffb2dfe0000 	C:\Users\LENOVO\.vscode\extensions\redhat.java-1.50.0-win32-x64\jre\21.0.9-win32-x86_64\bin\net.dll
0x00007ffb35f70000 - 0x00007ffb36098000 	C:\WINDOWS\SYSTEM32\WINHTTP.dll
0x00007ffb408f0000 - 0x00007ffb4095b000 	C:\WINDOWS\system32\mswsock.dll
0x00007ffb297b0000 - 0x00007ffb297c6000 	C:\Users\LENOVO\.vscode\extensions\redhat.java-1.50.0-win32-x64\jre\21.0.9-win32-x86_64\bin\nio.dll
0x00007ffb2cad0000 - 0x00007ffb2cae0000 	c:\Users\LENOVO\.vscode\extensions\redhat.java-1.50.0-win32-x64\jre\21.0.9-win32-x86_64\bin\verify.dll
0x00007ffb27670000 - 0x00007ffb276b4000 	C:\Users\LENOVO\AppData\Roaming\Code\User\globalStorage\redhat.java\1.50.0\config_win\org.eclipse.equinox.launcher\org.eclipse.equinox.launcher.win32.win32.x86_64_1.2.1400.v20250801-0854\eclipse_11916.dll
0x00007ffb44130000 - 0x00007ffb442c7000 	C:\WINDOWS\System32\ole32.dll
0x00007ffb40ce0000 - 0x00007ffb40cfb000 	C:\WINDOWS\SYSTEM32\CRYPTSP.dll
0x00007ffb40300000 - 0x00007ffb4033a000 	C:\WINDOWS\system32\rsaenh.dll
0x00007ffb409a0000 - 0x00007ffb409cb000 	C:\WINDOWS\SYSTEM32\USERENV.dll
0x00007ffb41520000 - 0x00007ffb4154a000 	C:\WINDOWS\SYSTEM32\bcrypt.dll
0x00007ffb40b40000 - 0x00007ffb40b4c000 	C:\WINDOWS\SYSTEM32\CRYPTBASE.dll
0x00007ffb3fe30000 - 0x00007ffb3fe64000 	C:\WINDOWS\SYSTEM32\IPHLPAPI.DLL
0x00007ffb440c0000 - 0x00007ffb440ca000 	C:\WINDOWS\System32\NSI.dll
0x00007ffb29760000 - 0x00007ffb297a9000 	C:\Users\LENOVO\AppData\Local\Temp\jna--2053026509\jna7472097081795474421.dll
0x00007ffb43bb0000 - 0x00007ffb43bb8000 	C:\WINDOWS\System32\PSAPI.DLL
0x00007ffb38250000 - 0x00007ffb3826e000 	C:\WINDOWS\SYSTEM32\dhcpcsvc6.DLL
0x00007ffb38180000 - 0x00007ffb381a3000 	C:\WINDOWS\SYSTEM32\dhcpcsvc.DLL
0x00007ffb2cb40000 - 0x00007ffb2cb4e000 	C:\Users\LENOVO\.vscode\extensions\redhat.java-1.50.0-win32-x64\jre\21.0.9-win32-x86_64\bin\sunmscapi.dll
0x00007ffb41ee0000 - 0x00007ffb42057000 	C:\WINDOWS\System32\CRYPT32.dll
0x00007ffb40e30000 - 0x00007ffb40e60000 	C:\WINDOWS\SYSTEM32\ncrypt.dll
0x00007ffb40de0000 - 0x00007ffb40e1f000 	C:\WINDOWS\SYSTEM32\NTASN1.dll
0x00007ffb3fe70000 - 0x00007ffb3ff9c000 	C:\WINDOWS\SYSTEM32\DNSAPI.dll
0x00007ffb35ae0000 - 0x00007ffb35aeb000 	C:\Windows\System32\rasadhlp.dll
0x00007ffb38300000 - 0x00007ffb38386000 	C:\WINDOWS\System32\fwpuclnt.dll
0x00007ffb2b200000 - 0x00007ffb2b209000 	C:\Users\LENOVO\.vscode\extensions\redhat.java-1.50.0-win32-x64\jre\21.0.9-win32-x86_64\bin\extnet.dll
0x00007ffb404c0000 - 0x00007ffb404f6000 	C:\WINDOWS\SYSTEM32\ntmarta.dll

JVMTI agents:
c:\Users\LENOVO\.vscode\extensions\redhat.java-1.50.0-win32-x64\lombok\lombok-1.18.39-4050.jar path:c:\Users\LENOVO\.vscode\extensions\redhat.java-1.50.0-win32-x64\jre\21.0.9-win32-x86_64\bin\instrument.dll, loaded, initialized, instrumentlib options:none

dbghelp: loaded successfully - version: 4.0.5 - missing functions: none
symbol engine: initialized successfully - sym options: 0x614 - pdb path: .;c:\Users\LENOVO\.vscode\extensions\redhat.java-1.50.0-win32-x64\jre\21.0.9-win32-x86_64\bin;C:\WINDOWS\SYSTEM32;C:\WINDOWS\WinSxS\amd64_microsoft.windows.common-controls_6595b64144ccf1df_6.0.26100.7309_none_3e05feeae336a044;c:\Users\LENOVO\.vscode\extensions\redhat.java-1.50.0-win32-x64\jre\21.0.9-win32-x86_64\bin\server;C:\Users\LENOVO\AppData\Roaming\Code\User\globalStorage\redhat.java\1.50.0\config_win\org.eclipse.equinox.launcher\org.eclipse.equinox.launcher.win32.win32.x86_64_1.2.1400.v20250801-0854;C:\Users\LENOVO\AppData\Local\Temp\jna--2053026509

VM Arguments:
jvm_args: --add-modules=ALL-SYSTEM --add-opens=java.base/java.util=ALL-UNNAMED --add-opens=java.base/java.lang=ALL-UNNAMED --add-opens=java.base/sun.nio.fs=ALL-UNNAMED -Declipse.application=org.eclipse.jdt.ls.core.id1 -Dosgi.bundles.defaultStartLevel=4 -Declipse.product=org.eclipse.jdt.ls.core.product -Djava.import.generatesMetadataFilesAtProjectRoot=false -DDetectVMInstallationsJob.disabled=true -Dfile.encoding=utf8 -XX:+UseParallelGC -XX:GCTimeRatio=4 -XX:AdaptiveSizePolicyWeight=90 -Dsun.zip.disableMemoryMapping=true -Xmx2G -Xms100m -Xlog:disable -javaagent:c:\Users\LENOVO\.vscode\extensions\redhat.java-1.50.0-win32-x64\lombok\lombok-1.18.39-4050.jar -XX:+HeapDumpOnOutOfMemoryError -XX:HeapDumpPath=c:\Users\LENOVO\AppData\Roaming\Code\User\workspaceStorage\57bd817b03371703b371fd6386575815\redhat.java -Daether.dependencyCollector.impl=bf 
java_command: c:\Users\LENOVO\.vscode\extensions\redhat.java-1.50.0-win32-x64\server\plugins\org.eclipse.equinox.launcher_1.7.100.v20251111-0406.jar -configuration c:\Users\LENOVO\AppData\Roaming\Code\User\globalStorage\redhat.java\1.50.0\config_win -data c:\Users\LENOVO\AppData\Roaming\Code\User\workspaceStorage\57bd817b03371703b371fd6386575815\redhat.java\jdt_ws --pipe=\\.\pipe\lsp-cb8242d82a6296675926800f9744c92a-sock
java_class_path (initial): c:\Users\LENOVO\.vscode\extensions\redhat.java-1.50.0-win32-x64\server\plugins\org.eclipse.equinox.launcher_1.7.100.v20251111-0406.jar
Launcher Type: SUN_STANDARD

[Global flags]
    uintx AdaptiveSizePolicyWeight                 = 90                                        {product} {command line}
     intx CICompilerCount                          = 2                                         {product} {ergonomic}
    uintx GCTimeRatio                              = 4                                         {product} {command line}
     bool HeapDumpOnOutOfMemoryError               = true                                   {manageable} {command line}
    ccstr HeapDumpPath                             = c:\Users\LENOVO\AppData\Roaming\Code\User\workspaceStorage\57bd817b03371703b371fd6386575815\redhat.java         {manageable} {command line}
   size_t InitialHeapSize                          = 104857600                                 {product} {command line}
   size_t MaxHeapSize                              = 2147483648                                {product} {command line}
   size_t MaxNewSize                               = 715653120                                 {product} {ergonomic}
   size_t MinHeapDeltaBytes                        = 524288                                    {product} {ergonomic}
   size_t MinHeapSize                              = 104857600                                 {product} {command line}
   size_t NewSize                                  = 34603008                                  {product} {ergonomic}
    uintx NonNMethodCodeHeapSize                   = 5826188                                {pd product} {ergonomic}
    uintx NonProfiledCodeHeapSize                  = 122916026                              {pd product} {ergonomic}
   size_t OldSize                                  = 70254592                                  {product} {ergonomic}
    uintx ProfiledCodeHeapSize                     = 122916026                              {pd product} {ergonomic}
    uintx ReservedCodeCacheSize                    = 251658240                              {pd product} {ergonomic}
     bool SegmentedCodeCache                       = true                                      {product} {ergonomic}
   size_t SoftMaxHeapSize                          = 2147483648                             {manageable} {ergonomic}
     bool UseCompressedOops                        = true                           {product lp64_product} {ergonomic}
     bool UseLargePagesIndividualAllocation        = false                                  {pd product} {ergonomic}
     bool UseParallelGC                            = true                                      {product} {command line}

Logging:
Log output configuration:
 #0: stdout all=off uptime,level,tags foldmultilines=false
 #1: stderr all=off uptime,level,tags foldmultilines=false

Release file:
JAVA_VERSION="21.0.9" 
MODULES="java.base java.compiler java.datatransfer java.xml java.prefs java.desktop java.instrument java.logging java.management java.security.sasl java.naming java.rmi java.management.rmi java.net.http java.scripting java.security.jgss java.transaction.xa java.sql java.sql.rowset java.xml.crypto java.se java.smartcardio jdk.accessibility jdk.internal.jvmstat jdk.attach jdk.charsets jdk.internal.opt jdk.zipfs jdk.compiler jdk.crypto.ec jdk.crypto.cryptoki jdk.crypto.mscapi jdk.dynalink jdk.internal.ed jdk.editpad jdk.hotspot.agent jdk.httpserver jdk.internal.le jdk.internal.vm.ci jdk.internal.vm.compiler jdk.internal.vm.compiler.management jdk.jartool jdk.javadoc jdk.jcmd jdk.management jdk.management.agent jdk.jconsole jdk.jdeps jdk.jdwp.agent jdk.jdi jdk.jfr jdk.jshell jdk.jsobject jdk.jstatd jdk.localedata jdk.management.jfr jdk.naming.dns jdk.naming.rmi jdk.net jdk.nio.mapmode jdk.random jdk.sctp jdk.security.auth jdk.security.jgss jdk.unsupported jdk.unsupported.desktop jdk.xml.dom" 

Environment Variables:
PATH=C:\Program Files (x86)\bin;C:\Program Files\Common Files\Oracle\Java\javapath;C:\WINDOWS\system32;C:\WINDOWS;C:\WINDOWS\System32\Wbem;C:\WINDOWS\System32\WindowsPowerShell\v1.0\;C:\WINDOWS\System32\OpenSSH\;C:\Program Files\Java\jdk-25\bin;C:\Program Files\Java\jdk-19\bin;C:\Users\LENOVO\AppData\Local\Microsoft\WindowsApps;C:\Microsoft VS Code\bin;C:\Program Files\Java\jdk-25\bin;
USERNAME=LENOVO
OS=Windows_NT
PROCESSOR_IDENTIFIER=AMD64 Family 23 Model 160 Stepping 0, AuthenticAMD
TMP=C:\Users\LENOVO\AppData\Local\Temp
TEMP=C:\Users\LENOVO\AppData\Local\Temp




Periodic native trim disabled

---------------  S Y S T E M  ---------------

OS:
 Windows 11 , 64 bit Build 26100 (10.0.26100.7309)
OS uptime: 2 days 8:25 hours
Hyper-V role detected

CPU: total 2 (initial active 2) (2 cores per cpu, 1 threads per core) family 23 model 160 stepping 0 microcode 0x8a0000a, cx8, cmov, fxsr, mmx, 3dnowpref, sse, sse2, sse3, ssse3, sse4a, sse4.1, sse4.2, popcnt, lzcnt, tsc, tscinvbit, avx, avx2, aes, clmul, bmi1, bmi2, adx, sha, fma, vzeroupper, clflush, clflushopt, hv, rdtscp, rdpid, f16c
Processor Information for the first 2 processors :
  Max Mhz: 2401, Current Mhz: 2401, Mhz Limit: 2401

Memory: 4k page, system-wide physical 5965M (467M free)
TotalPageFile size 15345M (AvailPageFile size 0M)
current process WorkingSet (physical memory assigned to process): 251M, peak: 370M
current process commit charge ("private bytes"): 477M, peak: 478M

vm_info: OpenJDK 64-Bit Server VM (21.0.9+10-LTS) for windows-amd64 JRE (21.0.9+10-LTS), built on 2025-10-21T00:00:00Z by "admin" with unknown MS VC++:1942

END.
